Using gpu device 0: GeForce GTX TITAN X (CNMeM is disabled, cuDNN 5103)
Preparing data...
Building model...
Training...
Epoch 0
Epoch 0 Update 5 Cost 179.505932314 Time 0.166397809982 Samples 100
Epoch 0 Update 10 Cost 190.50857081 Time 0.327882766724 Samples 100
Epoch 0 Update 15 Cost 170.960462048 Time 0.489579916 Samples 100
Epoch 0 Update 20 Cost 165.930625236 Time 0.651167869568 Samples 100
Epoch 0 Update 25 Cost 170.660853424 Time 0.812310934067 Samples 100
Epoch 0 Update 30 Cost 171.519932197 Time 0.972809791565 Samples 100
Epoch 0 Update 35 Cost 173.766304266 Time 1.13449883461 Samples 100
Epoch 0 Update 40 Cost 167.35668715 Time 1.29508090019 Samples 100
Epoch 0 Update 45 Cost 157.768452089 Time 1.45502877235 Samples 100
Epoch 0 Update 50 Cost 155.865676314 Time 1.61223983765 Samples 100
Epoch 0 Update 55 Cost 156.489372036 Time 1.77038788795 Samples 100
Epoch 0 Update 60 Cost 156.020894914 Time 1.92986679077 Samples 100
Epoch 0 Update 65 Cost 157.797493862 Time 2.09049081802 Samples 100
Epoch 0 Update 70 Cost 161.713097128 Time 2.25243186951 Samples 100
Epoch 0 Update 75 Cost 157.405209832 Time 2.43635487556 Samples 100
Epoch 0 Update 80 Cost 161.333918265 Time 2.61854290962 Samples 100
Epoch 0 Update 85 Cost 147.319849013 Time 2.80304694176 Samples 100
Epoch 0 Update 90 Cost 151.104914902 Time 2.98705887794 Samples 100
Epoch 0 Update 95 Cost 153.316126223 Time 3.17140579224 Samples 100
Epoch 0 Update 100 Cost 146.037162852 Time 3.35605883598 Samples 100
Epoch 0 Update 105 Cost 155.028547642 Time 3.54056382179 Samples 100
Epoch 0 Update 110 Cost 161.301977181 Time 3.7244849205 Samples 100
Epoch 0 Update 115 Cost 146.444379709 Time 3.91236186028 Samples 100
Epoch 0 Update 120 Cost 150.08721768 Time 4.11262083054 Samples 100
Epoch 0 Update 125 Cost 145.16964843 Time 4.29038596153 Samples 100
Epoch 0 Update 130 Cost 138.65263111 Time 4.47513580322 Samples 100
Epoch 0 Update 135 Cost 141.744094857 Time 4.66452693939 Samples 100
Epoch 0 Update 140 Cost 146.56946505 Time 4.85604095459 Samples 100
Epoch 0 Update 145 Cost 140.160946634 Time 5.04990887642 Samples 100
Epoch 0 Update 150 Cost 144.626426126 Time 5.23947191238 Samples 100
Epoch 0 Update 155 Cost 142.524782292 Time 5.4241039753 Samples 100
Epoch 0 Update 160 Cost 133.586697992 Time 5.60672092438 Samples 100
Epoch 0 Update 165 Cost 142.826861696 Time 5.79208779335 Samples 100
Epoch 0 Update 170 Cost 136.840467141 Time 5.97474694252 Samples 100
Epoch 0 Update 175 Cost 154.764105689 Time 6.16056680679 Samples 100
Epoch 0 Update 180 Cost 136.459856082 Time 6.34189796448 Samples 100
Epoch 0 Update 185 Cost 147.728588269 Time 6.52646589279 Samples 100
Epoch 0 Update 190 Cost 135.141872335 Time 6.70795488358 Samples 100
Epoch 0 Update 195 Cost 143.172677441 Time 6.89187979698 Samples 100
Epoch 0 Update 200 Cost 139.012658607 Time 7.07402682304 Samples 100
Epoch 0 Update 205 Cost 144.864249232 Time 7.26085591316 Samples 100
Epoch 0 Update 210 Cost 134.526087976 Time 7.44574284554 Samples 100
Epoch 0 Update 215 Cost 145.923667575 Time 7.63060379028 Samples 100
Epoch 0 Update 220 Cost 145.696422509 Time 7.81567287445 Samples 100
Epoch 0 Update 225 Cost 149.047077611 Time 7.99837994576 Samples 100
Epoch 0 Update 230 Cost 142.242374824 Time 8.18346476555 Samples 100
Epoch 0 Update 235 Cost 137.327937074 Time 8.3675968647 Samples 100
Epoch 0 Update 240 Cost 125.789209026 Time 8.55219197273 Samples 100
Epoch 0 Update 245 Cost 137.46203717 Time 8.73550891876 Samples 100
Epoch 0 Update 250 Cost 134.247072504 Time 8.91913890839 Samples 100
Epoch 0 Update 255 Cost 147.796802264 Time 9.10302376747 Samples 100
Epoch 0 Update 260 Cost 139.056397168 Time 9.29611587524 Samples 100
Epoch 0 Update 265 Cost 136.335821179 Time 9.50479078293 Samples 100
Epoch 0 Update 270 Cost 128.720755416 Time 9.71249079704 Samples 100
Epoch 0 Update 275 Cost 137.189667466 Time 9.90852499008 Samples 100
Epoch 0 Update 280 Cost 137.980616265 Time 10.0701828003 Samples 100
Epoch 0 Update 285 Cost 134.984338943 Time 10.2344818115 Samples 100
Epoch 0 Update 290 Cost 122.777427753 Time 10.3959348202 Samples 100
Epoch 0 Update 295 Cost 137.08390602 Time 10.5586719513 Samples 100
Epoch 0 Update 300 Cost 125.887167373 Time 10.7191579342 Samples 100
Epoch 0 Update 305 Cost 135.086152221 Time 10.8801789284 Samples 100
Epoch 0 Update 310 Cost 126.973223888 Time 11.0414819717 Samples 100
Epoch 0 Update 315 Cost 122.611670915 Time 11.201859951 Samples 100
Epoch 0 Update 320 Cost 129.120468695 Time 11.3610727787 Samples 100
Epoch 0 Update 325 Cost 123.865821635 Time 11.5186448097 Samples 100
Epoch 0 Update 330 Cost 128.70267726 Time 11.6790449619 Samples 100
Epoch 0 Update 335 Cost 127.154891382 Time 11.8399128914 Samples 100
Epoch 0 Update 340 Cost 119.988867696 Time 12.0003669262 Samples 100
Epoch 0 Update 345 Cost 127.091640316 Time 12.1598689556 Samples 100
Epoch 0 Update 350 Cost 118.246120181 Time 12.3210427761 Samples 100
Epoch 0 Update 355 Cost 125.213108083 Time 12.4819498062 Samples 100
Epoch 0 Update 360 Cost 133.944031872 Time 12.644015789 Samples 100
Epoch 0 Update 365 Cost 126.011115265 Time 12.8053929806 Samples 100
Epoch 0 Update 370 Cost 112.809294319 Time 12.9679877758 Samples 100
Epoch 0 Update 375 Cost 130.641536173 Time 13.1279327869 Samples 100
Epoch 0 Update 380 Cost 126.558548414 Time 13.2904508114 Samples 100
Epoch 0 Update 385 Cost 129.103507472 Time 13.45170784 Samples 100
Epoch 0 Update 390 Cost 126.541783802 Time 13.6138379574 Samples 100
Epoch 0 Update 395 Cost 123.081424804 Time 13.7743918896 Samples 100
Epoch 0 Update 400 Cost 119.556684226 Time 13.935751915 Samples 100
Epoch 0 Update 405 Cost 132.189099784 Time 14.0982987881 Samples 100
Epoch 0 Update 410 Cost 118.087513817 Time 14.2588009834 Samples 100
Epoch 0 Update 415 Cost 112.076095678 Time 14.4195687771 Samples 100
Epoch 0 Update 420 Cost 132.075917795 Time 14.5790407658 Samples 100
Epoch 0 Update 425 Cost 119.541643212 Time 14.7406158447 Samples 100
Epoch 0 Update 430 Cost 125.057509968 Time 14.9015798569 Samples 100
Epoch 0 Update 435 Cost 116.766945839 Time 15.0625109673 Samples 100
Epoch 0 Update 440 Cost 113.463089877 Time 15.2212657928 Samples 100
Epoch 0 Update 445 Cost 139.303535994 Time 15.3830869198 Samples 100
Epoch 0 Update 450 Cost 119.095919544 Time 15.5446059704 Samples 100
Epoch 0 Update 455 Cost 122.779806059 Time 15.7038919926 Samples 100
Epoch 0 Update 460 Cost 122.725935763 Time 15.8620119095 Samples 100
Epoch 0 Update 465 Cost 123.004163094 Time 16.0227279663 Samples 100
Epoch 0 Update 470 Cost 123.993389059 Time 16.1875078678 Samples 100
Epoch 0 Update 475 Cost 115.543382128 Time 16.3432919979 Samples 100
Epoch 0 Update 480 Cost 119.526293109 Time 16.5033547878 Samples 100
Epoch 0 Update 485 Cost 109.812234187 Time 16.6655158997 Samples 100
Epoch 0 Update 490 Cost 119.194957823 Time 16.8287317753 Samples 100
Epoch 0 Update 495 Cost 110.525874174 Time 16.9861938953 Samples 100
Epoch 0 Update 500 Cost 114.968810774 Time 17.1439127922 Samples 100
Epoch 0 Update 505 Cost 120.865525004 Time 17.3011908531 Samples 100
Epoch 0 Update 510 Cost 113.740244839 Time 17.4583969116 Samples 100
Epoch 0 Update 515 Cost 112.761166725 Time 17.6193878651 Samples 100
Epoch 0 Update 520 Cost 114.531742647 Time 17.7782979012 Samples 100
Epoch 0 Update 525 Cost 117.11007889 Time 17.9391489029 Samples 100
Epoch 0 Update 530 Cost 123.587172964 Time 18.0991499424 Samples 100
Epoch 0 Update 535 Cost 116.951948071 Time 18.2625448704 Samples 100
Epoch 0 Update 540 Cost 124.872173898 Time 18.4230718613 Samples 100
Epoch 0 Update 545 Cost 117.339282608 Time 18.5835599899 Samples 100
Epoch 0 Update 550 Cost 124.766246032 Time 18.7430608273 Samples 100
Epoch 0 Update 555 Cost 122.061392538 Time 18.9036819935 Samples 100
Epoch 0 Update 560 Cost 114.491334908 Time 19.0646297932 Samples 100
Epoch 0 Update 565 Cost 116.64803698 Time 19.226651907 Samples 100
Epoch 0 Update 570 Cost 111.729377091 Time 19.3870129585 Samples 100
Epoch 0 Update 575 Cost 123.927030624 Time 19.5481348038 Samples 100
Epoch 0 Update 580 Cost 122.239724794 Time 19.7095839977 Samples 100
Epoch 0 Update 585 Cost 118.901440673 Time 19.8729968071 Samples 100
Epoch 0 Update 590 Cost 121.516389306 Time 20.0347929001 Samples 100
Epoch 0 Update 595 Cost 108.366671027 Time 20.1973648071 Samples 100
Epoch 0 Update 600 Cost 113.370748556 Time 20.3584268093 Samples 100
Epoch 0 Update 605 Cost 119.393513569 Time 20.5198378563 Samples 100
Epoch 0 Update 610 Cost 117.963036042 Time 20.6786198616 Samples 100
Epoch 0 Update 615 Cost 117.373225599 Time 20.8385567665 Samples 100
Epoch 0 Update 620 Cost 101.267891462 Time 20.998156786 Samples 100
Epoch 0 Update 625 Cost 115.380931299 Time 21.158479929 Samples 100
Epoch 0 Update 630 Cost 108.533491576 Time 21.3183829784 Samples 100
Epoch 0 Update 635 Cost 105.169255892 Time 21.4774968624 Samples 100
Epoch 0 Update 640 Cost 114.571278862 Time 21.6389849186 Samples 100
Epoch 0 Update 645 Cost 107.396687658 Time 21.7965598106 Samples 100
Epoch 0 Update 650 Cost 119.703191527 Time 21.9587929249 Samples 100
Epoch 0 Update 655 Cost 118.006021289 Time 22.1168677807 Samples 100
Epoch 0 Update 660 Cost 127.61621764 Time 22.2766599655 Samples 100
Epoch 0 Update 665 Cost 116.438234899 Time 22.439029932 Samples 100
Epoch 0 Update 670 Cost 102.816691258 Time 22.6003677845 Samples 100
Epoch 0 Update 675 Cost 115.04519672 Time 22.7573399544 Samples 100
Epoch 0 Update 680 Cost 95.3664855983 Time 22.9167029858 Samples 100
Epoch 0 Update 685 Cost 118.978172504 Time 23.0739319324 Samples 100
Epoch 0 Update 690 Cost 106.967662211 Time 23.2314867973 Samples 100
Epoch 0 Update 695 Cost 112.396797548 Time 23.3824398518 Samples 100
Epoch 0 Update 700 Cost 110.453250078 Time 23.5427827835 Samples 100
Epoch 0 Update 705 Cost 111.29433244 Time 23.7031459808 Samples 100
Epoch 0 Update 710 Cost 110.267812853 Time 23.8636329174 Samples 100
Epoch 0 Update 715 Cost 118.383004078 Time 24.0266458988 Samples 100
Epoch 0 Update 720 Cost 111.393390114 Time 24.1890017986 Samples 100
Epoch 0 Update 725 Cost 109.960959372 Time 24.3471508026 Samples 100
Epoch 0 Update 730 Cost 110.983134325 Time 24.5077269077 Samples 100
Epoch 0 Update 735 Cost 103.669597966 Time 24.6674377918 Samples 100
Epoch 0 Update 740 Cost 108.384296114 Time 24.8280789852 Samples 100
Epoch 0 Update 745 Cost 110.131790985 Time 24.9869117737 Samples 100
Epoch 0 Update 750 Cost 129.526365903 Time 25.1486389637 Samples 100
Epoch 0 Update 755 Cost 104.612279191 Time 25.3064057827 Samples 100
Epoch 0 Update 760 Cost 108.03142978 Time 25.4644777775 Samples 100
Epoch 0 Update 765 Cost 108.896187743 Time 25.6211299896 Samples 100
Epoch 0 Update 770 Cost 121.195395784 Time 25.7747378349 Samples 100
Epoch 0 Update 775 Cost 106.408309938 Time 25.9331028461 Samples 100
Epoch 0 Update 780 Cost 109.914870716 Time 26.091509819 Samples 100
Epoch 0 Update 785 Cost 106.863818429 Time 26.2517459393 Samples 100
Epoch 0 Update 790 Cost 125.115750901 Time 26.4106838703 Samples 100
Epoch 0 Update 795 Cost 107.778494141 Time 26.5717639923 Samples 100
Epoch 0 Update 800 Cost 104.530889382 Time 26.7310237885 Samples 100
Epoch 0 Update 805 Cost 111.182967908 Time 26.8935937881 Samples 100
Epoch 0 Update 810 Cost 113.371963563 Time 27.0545527935 Samples 100
Epoch 0 Update 815 Cost 103.916659586 Time 27.2148208618 Samples 100
Epoch 0 Update 820 Cost 95.9301790803 Time 27.3779149055 Samples 100
Epoch 0 Update 825 Cost 113.23894908 Time 27.5388579369 Samples 100
Epoch 0 Update 830 Cost 112.816441632 Time 27.699587822 Samples 100
Epoch 0 Update 835 Cost 105.938400084 Time 27.8586509228 Samples 100
Epoch 0 Update 840 Cost 113.841067915 Time 28.0198287964 Samples 100
Epoch 0 Update 845 Cost 103.582560986 Time 28.179666996 Samples 100
Epoch 0 Update 850 Cost 118.586939027 Time 28.3410999775 Samples 100
Epoch 0 Update 855 Cost 109.279337863 Time 28.5007479191 Samples 100
Epoch 0 Update 860 Cost 110.650737204 Time 28.6603889465 Samples 100
Epoch 0 Update 865 Cost 112.17123421 Time 28.8216719627 Samples 100
Epoch 0 Update 870 Cost 108.75616218 Time 28.9826529026 Samples 100
Epoch 0 Update 875 Cost 100.441910061 Time 29.1398808956 Samples 100
Epoch 0 Update 880 Cost 106.984186109 Time 29.297647953 Samples 100
Epoch 0 Update 885 Cost 103.6478845 Time 29.4550769329 Samples 100
Epoch 0 Update 890 Cost 98.2242704137 Time 29.6142578125 Samples 100
Epoch 0 Update 895 Cost 108.781850531 Time 29.7747569084 Samples 100
Epoch 0 Update 900 Cost 112.047791062 Time 29.9358208179 Samples 100
Epoch 0 Update 905 Cost 116.203022205 Time 30.0942139626 Samples 100
Epoch 0 Update 910 Cost 106.198699166 Time 30.2538268566 Samples 100
Epoch 0 Update 915 Cost 111.783838514 Time 30.4146277905 Samples 100
Epoch 0 Update 920 Cost 107.033494126 Time 30.5728328228 Samples 100
Epoch 0 Update 925 Cost 102.194621711 Time 30.734099865 Samples 100
Epoch 0 Update 930 Cost 113.98807537 Time 30.8959138393 Samples 100
Epoch 0 Update 935 Cost 116.976638666 Time 31.0550489426 Samples 100
Epoch 0 Update 940 Cost 102.934271616 Time 31.2153148651 Samples 100
Epoch 0 Update 945 Cost 106.316620313 Time 31.3749129772 Samples 100
Epoch 0 Update 950 Cost 97.2181849304 Time 31.538640976 Samples 100
Epoch 0 Update 955 Cost 110.183749586 Time 31.6994488239 Samples 100
Epoch 0 Update 960 Cost 102.645718474 Time 31.8628139496 Samples 100
Epoch 0 Update 965 Cost 110.00126643 Time 32.0233168602 Samples 100
Epoch 0 Update 970 Cost 93.4920997865 Time 32.1847338676 Samples 100
Epoch 0 Update 975 Cost 106.373227711 Time 32.3431179523 Samples 100
Epoch 0 Update 980 Cost 105.214027881 Time 32.5050859451 Samples 100
Epoch 0 Update 985 Cost 118.932488572 Time 32.6664218903 Samples 100
Epoch 0 Update 990 Cost 108.428452135 Time 32.8284378052 Samples 100
Epoch 0 Update 995 Cost 99.0453038683 Time 32.9900608063 Samples 100
Epoch 0 Update 1000 Cost 101.887572458 Time 33.1522397995 Samples 100
Saving...
Testing on Validation set...
####### NEW BEST VALID #######
Epoch 0 Update 1000 Training Cost 125.130950004 Validation mean rank 23315.9710503 Validation hit@10 25.7270843084% Validation hit@1 19.4981168238%
                                               Testing mean rank 23485.5476978 Testing hit@10 25.5005733439% Testing hit@1 19.3238952104%
Epoch 0 Update 1005 Cost 95.6795424086 Time 32341.634059 Samples 100
Epoch 0 Update 1010 Cost 116.266839297 Time 32341.7752628 Samples 100
Epoch 0 Update 1015 Cost 102.450452049 Time 32341.9157279 Samples 100
Epoch 0 Update 1020 Cost 101.166070396 Time 32342.0559728 Samples 100
Epoch 0 Update 1025 Cost 99.6328971626 Time 32342.1961749 Samples 100
Epoch 0 Update 1030 Cost 104.159953373 Time 32342.3361919 Samples 100
Epoch 0 Update 1035 Cost 115.245797343 Time 32342.4772038 Samples 100
Epoch 0 Update 1040 Cost 107.674040465 Time 32342.6171639 Samples 100
Epoch 0 Update 1045 Cost 107.404129295 Time 32342.7575338 Samples 100
Epoch 0 Update 1050 Cost 92.181022339 Time 32342.896956 Samples 100
Epoch 0 Update 1055 Cost 111.937312363 Time 32343.03702 Samples 100
Epoch 0 Update 1060 Cost 106.826402061 Time 32343.1769769 Samples 100
Epoch 0 Update 1065 Cost 105.666142081 Time 32343.3164558 Samples 100
Epoch 0 Update 1070 Cost 103.347316202 Time 32343.4562688 Samples 100
Epoch 0 Update 1075 Cost 92.2056946492 Time 32343.595742 Samples 100
Epoch 0 Update 1080 Cost 106.630741072 Time 32343.7352018 Samples 100
Epoch 0 Update 1085 Cost 108.917915908 Time 32343.8757088 Samples 100
Epoch 0 Update 1090 Cost 101.457597968 Time 32344.0160758 Samples 100
Epoch 0 Update 1095 Cost 100.781227481 Time 32344.1560209 Samples 100
Epoch 0 Update 1100 Cost 97.3525859108 Time 32344.295182 Samples 100
Epoch 0 Update 1105 Cost 104.937213425 Time 32344.434742 Samples 100
Epoch 0 Update 1110 Cost 122.325999098 Time 32344.5747359 Samples 100
Epoch 0 Update 1115 Cost 110.32828841 Time 32344.7142298 Samples 100
Epoch 0 Update 1120 Cost 101.995652295 Time 32344.853833 Samples 100
Epoch 0 Update 1125 Cost 102.753677501 Time 32344.9931788 Samples 100
Epoch 0 Update 1130 Cost 93.5634112344 Time 32345.1328959 Samples 100
Epoch 0 Update 1135 Cost 110.959616577 Time 32345.2727268 Samples 100
Epoch 0 Update 1140 Cost 101.176742145 Time 32345.412015 Samples 100
Epoch 0 Update 1145 Cost 107.788891061 Time 32345.5517008 Samples 100
Epoch 0 Update 1150 Cost 96.3067409345 Time 32345.6911058 Samples 100
Epoch 0 Update 1155 Cost 95.3688222201 Time 32345.830632 Samples 100
Epoch 0 Update 1160 Cost 95.9472481626 Time 32345.9702959 Samples 100
Epoch 0 Update 1165 Cost 103.037405929 Time 32346.1092629 Samples 100
Epoch 0 Update 1170 Cost 99.9516275202 Time 32346.248771 Samples 100
Epoch 0 Update 1175 Cost 99.4063251105 Time 32346.3888078 Samples 100
Epoch 0 Update 1180 Cost 102.215054087 Time 32346.528224 Samples 100
Epoch 0 Update 1185 Cost 99.6065798642 Time 32346.6679909 Samples 100
Epoch 0 Update 1190 Cost 106.529224539 Time 32346.8074448 Samples 100
Epoch 0 Update 1195 Cost 113.771867377 Time 32346.947145 Samples 100
Epoch 0 Update 1200 Cost 102.30611773 Time 32347.0868869 Samples 100
Epoch 0 Update 1205 Cost 110.505885226 Time 32347.2267189 Samples 100
Epoch 0 Update 1210 Cost 110.800864677 Time 32347.3662899 Samples 100
Epoch 0 Update 1215 Cost 102.991474141 Time 32347.5055158 Samples 100
Epoch 0 Update 1220 Cost 102.889965817 Time 32347.6446469 Samples 100
Epoch 0 Update 1225 Cost 94.5034972172 Time 32347.784503 Samples 100
Epoch 0 Update 1230 Cost 92.27457082 Time 32347.9237549 Samples 100
Epoch 0 Update 1235 Cost 107.312700591 Time 32348.063247 Samples 100
Epoch 0 Update 1240 Cost 91.263094433 Time 32348.2026169 Samples 100
Epoch 0 Update 1245 Cost 106.493402818 Time 32348.3423419 Samples 100
Epoch 0 Update 1250 Cost 97.5160051636 Time 32348.4817059 Samples 100
Epoch 0 Update 1255 Cost 108.513865686 Time 32348.6210999 Samples 100
Epoch 0 Update 1260 Cost 86.8356920628 Time 32348.7601838 Samples 100
Epoch 0 Update 1265 Cost 107.211899419 Time 32348.8996129 Samples 100
Epoch 0 Update 1270 Cost 98.2106758815 Time 32349.038929 Samples 100
Epoch 0 Update 1275 Cost 102.931233833 Time 32349.1786258 Samples 100
Epoch 0 Update 1280 Cost 102.679529094 Time 32349.3179018 Samples 100
Epoch 0 Update 1285 Cost 102.400077516 Time 32349.457886 Samples 100
Epoch 0 Update 1290 Cost 102.651393305 Time 32349.5972049 Samples 100
Epoch 0 Update 1295 Cost 97.0260307888 Time 32349.7361739 Samples 100
Epoch 0 Update 1300 Cost 96.6363403188 Time 32349.8761089 Samples 100
Epoch 0 Update 1305 Cost 102.752573478 Time 32350.0154278 Samples 100
Epoch 0 Update 1310 Cost 93.0576644369 Time 32350.1548059 Samples 100
Epoch 0 Update 1315 Cost 89.7308094953 Time 32350.2945518 Samples 100
Epoch 0 Update 1320 Cost 100.305146637 Time 32350.4334438 Samples 100
Epoch 0 Update 1325 Cost 100.313757924 Time 32350.5732028 Samples 100
Epoch 0 Update 1330 Cost 90.9067494027 Time 32350.712266 Samples 100
Epoch 0 Update 1335 Cost 99.5452606126 Time 32350.8516169 Samples 100
Epoch 0 Update 1340 Cost 98.222039362 Time 32350.9909458 Samples 100
Epoch 0 Update 1345 Cost 93.283324892 Time 32351.130312 Samples 100
Epoch 0 Update 1350 Cost 106.673363927 Time 32351.2696178 Samples 100
Epoch 0 Update 1355 Cost 90.2836203599 Time 32351.4090748 Samples 100
Epoch 0 Update 1360 Cost 90.8708824628 Time 32351.5487199 Samples 100
Epoch 0 Update 1365 Cost 111.608326167 Time 32351.68818 Samples 100
Epoch 0 Update 1370 Cost 100.34895382 Time 32351.828306 Samples 100
Epoch 0 Update 1375 Cost 97.4584959984 Time 32351.9685898 Samples 100
Epoch 0 Update 1380 Cost 97.3264904219 Time 32352.108099 Samples 100
Epoch 0 Update 1385 Cost 91.2272864405 Time 32352.2475169 Samples 100
Epoch 0 Update 1390 Cost 91.0423608033 Time 32352.387471 Samples 100
Epoch 0 Update 1395 Cost 89.3950134116 Time 32352.5267138 Samples 100
Epoch 0 Update 1400 Cost 93.6340951377 Time 32352.666209 Samples 100
Epoch 0 Update 1405 Cost 103.678650997 Time 32352.805141 Samples 100
Epoch 0 Update 1410 Cost 94.0532912217 Time 32352.944273 Samples 100
Epoch 0 Update 1415 Cost 109.055390466 Time 32353.0836589 Samples 100
Epoch 0 Update 1420 Cost 103.027900003 Time 32353.2230608 Samples 100
Epoch 0 Update 1425 Cost 97.9241066595 Time 32353.362294 Samples 100
Epoch 0 Update 1430 Cost 96.7636955776 Time 32353.5016208 Samples 100
Epoch 0 Update 1435 Cost 108.931702771 Time 32353.6407709 Samples 100
Epoch 0 Update 1440 Cost 105.682682495 Time 32353.7801769 Samples 100
Epoch 0 Update 1445 Cost 90.2943129672 Time 32353.919369 Samples 100
Epoch 0 Update 1450 Cost 91.1410920164 Time 32354.058568 Samples 100
Epoch 0 Update 1455 Cost 94.8950424122 Time 32354.1976228 Samples 100
Epoch 0 Update 1460 Cost 109.687374866 Time 32354.3368838 Samples 100
Epoch 0 Update 1465 Cost 94.231758757 Time 32354.4766209 Samples 100
Epoch 0 Update 1470 Cost 98.8020207571 Time 32354.6162238 Samples 100
Epoch 0 Update 1475 Cost 93.1042459141 Time 32354.7551448 Samples 100
Epoch 0 Update 1480 Cost 102.177520534 Time 32354.8947568 Samples 100
Epoch 0 Update 1485 Cost 107.247245644 Time 32355.0339499 Samples 100
Epoch 0 Update 1490 Cost 72.1090397643 Time 32355.1732759 Samples 100
Epoch 0 Update 1495 Cost 86.9268162595 Time 32355.3122458 Samples 100
Epoch 0 Update 1500 Cost 99.8537128032 Time 32355.4516299 Samples 100
Epoch 0 Update 1505 Cost 111.543301031 Time 32355.591579 Samples 100
Epoch 0 Update 1510 Cost 91.9520154235 Time 32355.7308609 Samples 100
Epoch 0 Update 1515 Cost 104.675771657 Time 32355.8702879 Samples 100
Epoch 0 Update 1520 Cost 99.26787196 Time 32356.0094609 Samples 100
Epoch 0 Update 1525 Cost 100.060328693 Time 32356.1486979 Samples 100
Epoch 0 Update 1530 Cost 100.606163 Time 32356.288271 Samples 100
Epoch 0 Update 1535 Cost 103.225778015 Time 32356.427887 Samples 100
Epoch 0 Update 1540 Cost 95.9677249984 Time 32356.5673418 Samples 100
Epoch 0 Update 1545 Cost 106.507057888 Time 32356.7065599 Samples 100
Epoch 0 Update 1550 Cost 96.3474674341 Time 32356.846102 Samples 100
Epoch 0 Update 1555 Cost 106.732692731 Time 32356.9852159 Samples 100
Epoch 0 Update 1560 Cost 96.6456489527 Time 32357.1244359 Samples 100
Epoch 0 Update 1565 Cost 94.3687342229 Time 32357.2636929 Samples 100
Epoch 0 Update 1570 Cost 113.818424971 Time 32357.4028709 Samples 100
Epoch 0 Update 1575 Cost 95.4271497913 Time 32357.5427568 Samples 100
Epoch 0 Update 1580 Cost 103.135482247 Time 32357.6824319 Samples 100
Epoch 0 Update 1585 Cost 94.4990467754 Time 32357.821332 Samples 100
Epoch 0 Update 1590 Cost 105.516251521 Time 32357.9608738 Samples 100
Epoch 0 Update 1595 Cost 92.2104367398 Time 32358.099978 Samples 100
Epoch 0 Update 1600 Cost 97.0184855762 Time 32358.239352 Samples 100
Epoch 0 Update 1605 Cost 103.34153129 Time 32358.378722 Samples 100
Epoch 0 Update 1610 Cost 94.2030021251 Time 32358.5177598 Samples 100
Epoch 0 Update 1615 Cost 86.101763584 Time 32358.6572568 Samples 100
Epoch 0 Update 1620 Cost 99.2630757605 Time 32358.7967799 Samples 100
Epoch 0 Update 1625 Cost 105.465991358 Time 32358.9362228 Samples 100
Epoch 0 Update 1630 Cost 101.816128395 Time 32359.0756879 Samples 100
Epoch 0 Update 1635 Cost 112.48576413 Time 32359.2154808 Samples 100
Epoch 0 Update 1640 Cost 99.8520145216 Time 32359.3548479 Samples 100
Epoch 0 Update 1645 Cost 95.7922694673 Time 32359.494452 Samples 100
Epoch 0 Update 1650 Cost 92.3148780617 Time 32359.6335719 Samples 100
Epoch 0 Update 1655 Cost 90.6002345225 Time 32359.7776999 Samples 100
Epoch 0 Update 1660 Cost 82.9542485748 Time 32359.9262469 Samples 100
Epoch 0 Update 1665 Cost 94.215464101 Time 32360.0660968 Samples 100
Epoch 0 Update 1670 Cost 105.739388164 Time 32360.2055049 Samples 100
Epoch 0 Update 1675 Cost 89.8041861073 Time 32360.3444588 Samples 100
Epoch 0 Update 1680 Cost 90.0559825467 Time 32360.4838469 Samples 100
Epoch 0 Update 1685 Cost 95.8582312846 Time 32360.6229799 Samples 100
Epoch 0 Update 1690 Cost 93.9675029188 Time 32360.7624919 Samples 100
Epoch 0 Update 1695 Cost 107.072371076 Time 32360.9013829 Samples 100
Epoch 0 Update 1700 Cost 106.31688752 Time 32361.0408189 Samples 100
Epoch 0 Update 1705 Cost 103.940968614 Time 32361.1802568 Samples 100
Epoch 0 Update 1710 Cost 104.244980748 Time 32361.3196208 Samples 100
Epoch 0 Update 1715 Cost 101.900676497 Time 32361.45959 Samples 100
Epoch 0 Update 1720 Cost 94.5460837262 Time 32361.5989528 Samples 100
Epoch 0 Update 1725 Cost 101.744171831 Time 32361.738359 Samples 100
Epoch 0 Update 1730 Cost 102.563800962 Time 32361.8779469 Samples 100
Epoch 0 Update 1735 Cost 98.0330492654 Time 32362.0169449 Samples 100
Epoch 0 Update 1740 Cost 105.307784019 Time 32362.1559019 Samples 100
Epoch 0 Update 1745 Cost 95.9968239209 Time 32362.29563 Samples 100
Epoch 0 Update 1750 Cost 104.051125271 Time 32362.435226 Samples 100
Epoch 0 Update 1755 Cost 94.6633153881 Time 32362.5748289 Samples 100
Epoch 0 Update 1760 Cost 94.0050554384 Time 32362.713841 Samples 100
Epoch 0 Update 1765 Cost 87.9275796598 Time 32362.8528359 Samples 100
Epoch 0 Update 1770 Cost 93.2676899982 Time 32362.9920049 Samples 100
Epoch 0 Update 1775 Cost 104.127241618 Time 32363.1310668 Samples 100
Epoch 0 Update 1780 Cost 88.6026088168 Time 32363.2703018 Samples 100
Epoch 0 Update 1785 Cost 89.2071717369 Time 32363.409725 Samples 100
Epoch 0 Update 1790 Cost 89.3659722362 Time 32363.5491469 Samples 100
Epoch 0 Update 1795 Cost 75.9991184208 Time 32363.6889708 Samples 100
Epoch 0 Update 1800 Cost 92.6984402825 Time 32363.8281858 Samples 100
Epoch 0 Update 1805 Cost 96.6557641417 Time 32363.9674628 Samples 100
Epoch 0 Update 1810 Cost 96.33813616 Time 32364.1072669 Samples 100
Epoch 0 Update 1815 Cost 100.511482298 Time 32364.246717 Samples 100
Epoch 0 Update 1820 Cost 97.0715587678 Time 32364.3866308 Samples 100
Epoch 0 Update 1825 Cost 94.1997940458 Time 32364.5264318 Samples 100
Epoch 0 Update 1830 Cost 93.7509120546 Time 32364.6656299 Samples 100
Epoch 0 Update 1835 Cost 95.6277571654 Time 32364.804868 Samples 100
Epoch 0 Update 1840 Cost 110.014413768 Time 32364.9441209 Samples 100
Epoch 0 Update 1845 Cost 100.324597996 Time 32365.0835559 Samples 100
Epoch 0 Update 1850 Cost 92.7980414803 Time 32365.222708 Samples 100
Epoch 0 Update 1855 Cost 89.8201366153 Time 32365.3624148 Samples 100
Epoch 0 Update 1860 Cost 90.4717791647 Time 32365.501786 Samples 100
Epoch 0 Update 1865 Cost 92.2873149568 Time 32365.6410799 Samples 100
Epoch 0 Update 1870 Cost 78.9035224371 Time 32365.7806079 Samples 100
Epoch 0 Update 1875 Cost 90.4349203983 Time 32365.9195669 Samples 100
Epoch 0 Update 1880 Cost 80.9324072724 Time 32366.058563 Samples 100
Epoch 0 Update 1885 Cost 94.3065754965 Time 32366.1983399 Samples 100
Epoch 0 Update 1890 Cost 98.8137667454 Time 32366.3388648 Samples 100
Epoch 0 Update 1895 Cost 91.0610235148 Time 32366.4781289 Samples 100
Epoch 0 Update 1900 Cost 103.928662366 Time 32366.6168859 Samples 100
Epoch 0 Update 1905 Cost 98.0936057202 Time 32366.7559168 Samples 100
Epoch 0 Update 1910 Cost 77.7399065076 Time 32366.8954618 Samples 100
Epoch 0 Update 1915 Cost 100.021129672 Time 32367.0348368 Samples 100
Epoch 0 Update 1920 Cost 94.9247548135 Time 32367.174433 Samples 100
Epoch 0 Update 1925 Cost 86.6003398163 Time 32367.314225 Samples 100
Epoch 0 Update 1930 Cost 97.1554479326 Time 32367.4539258 Samples 100
Epoch 0 Update 1935 Cost 94.3539271974 Time 32367.5935299 Samples 100
Epoch 0 Update 1940 Cost 102.295123717 Time 32367.7327738 Samples 100
Epoch 0 Update 1945 Cost 87.5691073149 Time 32367.8720078 Samples 100
Epoch 0 Update 1950 Cost 81.2109101795 Time 32368.0107479 Samples 100
Epoch 0 Update 1955 Cost 99.6530418046 Time 32368.1500599 Samples 100
Epoch 0 Update 1960 Cost 97.9113936003 Time 32368.2899599 Samples 100
Epoch 0 Update 1965 Cost 88.0099869251 Time 32368.4288478 Samples 100
Epoch 0 Update 1970 Cost 90.0381290915 Time 32368.5682499 Samples 100
Epoch 0 Update 1975 Cost 98.9470137101 Time 32368.707294 Samples 100
Epoch 0 Update 1980 Cost 81.3688102681 Time 32368.846031 Samples 100
Epoch 0 Update 1985 Cost 91.266047485 Time 32368.9855139 Samples 100
Epoch 0 Update 1990 Cost 107.037165365 Time 32369.1252408 Samples 100
Epoch 0 Update 1995 Cost 86.6500520032 Time 32369.2641609 Samples 100
Epoch 0 Update 2000 Cost 82.3006249982 Time 32369.403477 Samples 100
Saving...
Testing on Validation set...
####### NEW BEST VALID #######
Epoch 0 Update 2000 Training Cost 111.306761034 Validation mean rank 21795.3205188 Validation hit@10 25.6357112612% Validation hit@1 5.72084419781%
                                               Testing mean rank 21981.6497971 Testing hit@10 25.6858075329% Testing hit@1 5.56805151275%
Epoch 0 Update 2005 Cost 84.0899975793 Time 64733.1048298 Samples 100
Epoch 0 Update 2010 Cost 96.5509000051 Time 64733.2461958 Samples 100
Epoch 0 Update 2015 Cost 95.9207345973 Time 64733.3870668 Samples 100
Epoch 0 Update 2020 Cost 91.2632744828 Time 64733.5279949 Samples 100
Epoch 0 Update 2025 Cost 91.1858916918 Time 64733.668999 Samples 100
Epoch 0 Update 2030 Cost 87.9760056107 Time 64733.809526 Samples 100
Epoch 0 Update 2035 Cost 98.3346084795 Time 64733.9499798 Samples 100
Epoch 0 Update 2040 Cost 93.5890090859 Time 64734.0900648 Samples 100
Epoch 0 Update 2045 Cost 95.7912927562 Time 64734.2305739 Samples 100
Epoch 0 Update 2050 Cost 79.5089049064 Time 64734.3711548 Samples 100
Epoch 0 Update 2055 Cost 90.1613289403 Time 64734.5118289 Samples 100
Epoch 0 Update 2060 Cost 90.4866683235 Time 64734.6521828 Samples 100
Epoch 0 Update 2065 Cost 95.3166360957 Time 64734.7923779 Samples 100
Epoch 0 Update 2070 Cost 72.7361420034 Time 64734.9325209 Samples 100
Epoch 0 Update 2075 Cost 78.3129174675 Time 64735.0735209 Samples 100
Epoch 0 Update 2080 Cost 89.5496586947 Time 64735.2132809 Samples 100
Epoch 0 Update 2085 Cost 92.5971478599 Time 64735.353704 Samples 100
Epoch 0 Update 2090 Cost 82.3818290111 Time 64735.4941139 Samples 100
Epoch 0 Update 2095 Cost 88.4257815708 Time 64735.6344378 Samples 100
Epoch 0 Update 2100 Cost 88.4743584052 Time 64735.774637 Samples 100
Epoch 0 Update 2105 Cost 95.080070313 Time 64735.9142919 Samples 100
Epoch 0 Update 2110 Cost 85.656941614 Time 64736.0543649 Samples 100
Epoch 0 Update 2115 Cost 77.2988055033 Time 64736.1947229 Samples 100
Epoch 0 Update 2120 Cost 93.0433406076 Time 64736.3350489 Samples 100
Epoch 0 Update 2125 Cost 87.0450747975 Time 64736.4751868 Samples 100
Epoch 0 Update 2130 Cost 95.6959350637 Time 64736.6150148 Samples 100
Epoch 0 Update 2135 Cost 89.5267298966 Time 64736.7552509 Samples 100
Epoch 0 Update 2140 Cost 95.5297772247 Time 64736.895118 Samples 100
Epoch 0 Update 2145 Cost 104.665320378 Time 64737.035208 Samples 100
Epoch 0 Update 2150 Cost 102.120202562 Time 64737.175442 Samples 100
Epoch 0 Update 2155 Cost 84.0661449675 Time 64737.3153729 Samples 100
Epoch 0 Update 2160 Cost 95.047916382 Time 64737.455653 Samples 100
Epoch 0 Update 2165 Cost 101.298203789 Time 64737.5956709 Samples 100
Epoch 0 Update 2170 Cost 83.3772772151 Time 64737.7355599 Samples 100
Epoch 0 Update 2175 Cost 74.4089528653 Time 64737.8756669 Samples 100
Epoch 0 Update 2180 Cost 82.1245604312 Time 64738.01701 Samples 100
Epoch 0 Update 2185 Cost 98.4466798897 Time 64738.1569419 Samples 100
Epoch 0 Update 2190 Cost 101.37383451 Time 64738.2974088 Samples 100
Epoch 0 Update 2195 Cost 98.3673398624 Time 64738.4370849 Samples 100
Epoch 0 Update 2200 Cost 80.814715147 Time 64738.5771348 Samples 100
Epoch 0 Update 2205 Cost 96.5880219534 Time 64738.7170339 Samples 100
Epoch 0 Update 2210 Cost 93.2214815505 Time 64738.856679 Samples 100
Epoch 0 Update 2215 Cost 88.4827778125 Time 64738.9965918 Samples 100
Epoch 0 Update 2220 Cost 97.4687847089 Time 64739.136272 Samples 100
Epoch 0 Update 2225 Cost 97.4182159708 Time 64739.2765019 Samples 100
Epoch 0 Update 2230 Cost 90.2159181594 Time 64739.4159169 Samples 100
Epoch 0 Update 2235 Cost 97.7555711701 Time 64739.5558739 Samples 100
Epoch 0 Update 2240 Cost 87.791919869 Time 64739.6956599 Samples 100
Epoch 0 Update 2245 Cost 80.5004528391 Time 64739.835706 Samples 100
Epoch 0 Update 2250 Cost 80.7742725772 Time 64739.9753129 Samples 100
Epoch 0 Update 2255 Cost 98.8771916149 Time 64740.115176 Samples 100
Epoch 0 Update 2260 Cost 94.3694453942 Time 64740.2549899 Samples 100
Epoch 0 Update 2265 Cost 84.4003406537 Time 64740.3948078 Samples 100
Epoch 0 Update 2270 Cost 88.763861864 Time 64740.535141 Samples 100
Epoch 0 Update 2275 Cost 85.9488684998 Time 64740.6751199 Samples 100
Epoch 0 Update 2280 Cost 72.6842623401 Time 64740.8147538 Samples 100
Epoch 0 Update 2285 Cost 85.1711586729 Time 64740.9548988 Samples 100
Epoch 0 Update 2290 Cost 84.3443608267 Time 64741.0947618 Samples 100
Epoch 0 Update 2295 Cost 66.8051607031 Time 64741.2342629 Samples 100
Epoch 0 Update 2300 Cost 91.7406031156 Time 64741.3737159 Samples 100
Epoch 0 Update 2305 Cost 84.3202789176 Time 64741.5137308 Samples 100
Epoch 0 Update 2310 Cost 80.0139377037 Time 64741.6536589 Samples 100
Epoch 0 Update 2315 Cost 88.7144306023 Time 64741.7933338 Samples 100
Epoch 0 Update 2320 Cost 91.1761589344 Time 64741.9329488 Samples 100
Epoch 0 Update 2325 Cost 91.3095694465 Time 64742.072428 Samples 100
Epoch 0 Update 2330 Cost 98.4457371133 Time 64742.2117569 Samples 100
Epoch 0 Update 2335 Cost 92.5144779572 Time 64742.3515098 Samples 100
Epoch 0 Update 2340 Cost 94.6867705186 Time 64742.4914889 Samples 100
Epoch 0 Update 2345 Cost 79.4671362835 Time 64742.6310279 Samples 100
Epoch 0 Update 2350 Cost 82.6553179485 Time 64742.770911 Samples 100
Epoch 0 Update 2355 Cost 83.5064742396 Time 64742.9101219 Samples 100
Epoch 0 Update 2360 Cost 92.0798651425 Time 64743.0498588 Samples 100
Epoch 0 Update 2365 Cost 103.976991569 Time 64743.1897418 Samples 100
Epoch 0 Update 2370 Cost 91.7018356137 Time 64743.3296709 Samples 100
Epoch 0 Update 2375 Cost 95.2756074213 Time 64743.4695759 Samples 100
Epoch 0 Update 2380 Cost 89.1181122834 Time 64743.6097178 Samples 100
Epoch 0 Update 2385 Cost 86.4940929484 Time 64743.7494159 Samples 100
Epoch 0 Update 2390 Cost 79.4489816262 Time 64743.889118 Samples 100
Epoch 0 Update 2395 Cost 97.3213862739 Time 64744.0282919 Samples 100
Epoch 0 Update 2400 Cost 75.0321126017 Time 64744.1680269 Samples 100
Epoch 0 Update 2405 Cost 88.9611627888 Time 64744.3077669 Samples 100
Epoch 0 Update 2410 Cost 96.8382301406 Time 64744.4472718 Samples 100
Epoch 0 Update 2415 Cost 90.6979227658 Time 64744.5874009 Samples 100
Epoch 0 Update 2420 Cost 95.4015976407 Time 64744.7267728 Samples 100
Epoch 0 Update 2425 Cost 83.8166433727 Time 64744.8668449 Samples 100
Epoch 0 Update 2430 Cost 93.3168387383 Time 64745.0064008 Samples 100
Epoch 0 Update 2435 Cost 94.414152891 Time 64745.1461809 Samples 100
Epoch 0 Update 2440 Cost 106.24046321 Time 64745.2860618 Samples 100
Epoch 0 Update 2445 Cost 86.4627994272 Time 64745.425519 Samples 100
Epoch 0 Update 2450 Cost 82.6731603646 Time 64745.5653458 Samples 100
Epoch 0 Update 2455 Cost 91.6711631023 Time 64745.705092 Samples 100
Epoch 0 Update 2460 Cost 90.4464450594 Time 64745.844497 Samples 100
Epoch 0 Update 2465 Cost 85.9422751748 Time 64745.9842348 Samples 100
Epoch 0 Update 2470 Cost 82.8479792243 Time 64746.1241519 Samples 100
Epoch 0 Update 2475 Cost 76.4938417773 Time 64746.263845 Samples 100
Epoch 0 Update 2480 Cost 86.9116601034 Time 64746.4037049 Samples 100
Epoch 0 Update 2485 Cost 87.7356941346 Time 64746.5436258 Samples 100
Epoch 0 Update 2490 Cost 64.3302494153 Time 64746.6840038 Samples 100
Epoch 0 Update 2495 Cost 84.5773045781 Time 64746.8234689 Samples 100
Epoch 0 Update 2500 Cost 80.1434409778 Time 64746.9636428 Samples 100
Epoch 0 Update 2505 Cost 67.690223427 Time 64747.1034389 Samples 100
Epoch 0 Update 2510 Cost 96.7436990785 Time 64747.243223 Samples 100
Epoch 0 Update 2515 Cost 91.1279273285 Time 64747.3833179 Samples 100
Epoch 0 Update 2520 Cost 94.797534822 Time 64747.5229919 Samples 100
Epoch 0 Update 2525 Cost 89.5539221351 Time 64747.6629708 Samples 100
Epoch 0 Update 2530 Cost 82.6167986833 Time 64747.8028998 Samples 100
Epoch 0 Update 2535 Cost 83.9454512314 Time 64747.942745 Samples 100
Epoch 0 Update 2540 Cost 83.0491387505 Time 64748.0826688 Samples 100
Epoch 0 Update 2545 Cost 85.7696019385 Time 64748.2222309 Samples 100
Epoch 0 Update 2550 Cost 82.9244119815 Time 64748.3620079 Samples 100
Epoch 0 Update 2555 Cost 92.1476338871 Time 64748.5018868 Samples 100
Epoch 0 Update 2560 Cost 92.4642280029 Time 64748.6416399 Samples 100
Epoch 0 Update 2565 Cost 81.2340654377 Time 64748.7820048 Samples 100
Epoch 0 Update 2570 Cost 91.8391532894 Time 64748.9214759 Samples 100
Epoch 0 Update 2575 Cost 80.7960808668 Time 64749.0610209 Samples 100
Epoch 0 Update 2580 Cost 81.5383817674 Time 64749.2005739 Samples 100
Epoch 0 Update 2585 Cost 91.3208196527 Time 64749.3402698 Samples 100
Epoch 0 Update 2590 Cost 85.0933367864 Time 64749.4800668 Samples 100
Epoch 0 Update 2595 Cost 85.3964466692 Time 64749.6194348 Samples 100
Epoch 0 Update 2600 Cost 89.9520752652 Time 64749.759059 Samples 100
Epoch 0 Update 2605 Cost 84.8802349856 Time 64749.8985009 Samples 100
Epoch 0 Update 2610 Cost 83.2734127967 Time 64750.0384288 Samples 100
Epoch 0 Update 2615 Cost 75.004502033 Time 64750.178113 Samples 100
Epoch 0 Update 2620 Cost 78.1422408414 Time 64750.3176589 Samples 100
Epoch 0 Update 2625 Cost 93.824641375 Time 64750.4568608 Samples 100
Epoch 0 Update 2630 Cost 91.0757221055 Time 64750.5962818 Samples 100
Epoch 0 Update 2635 Cost 89.604974167 Time 64750.7357419 Samples 100
Epoch 0 Update 2640 Cost 90.5550572733 Time 64750.8758969 Samples 100
Epoch 0 Update 2645 Cost 66.902342159 Time 64751.0151069 Samples 100
Epoch 0 Update 2650 Cost 72.4440190402 Time 64751.1543949 Samples 100
Epoch 0 Update 2655 Cost 80.9395734516 Time 64751.29456 Samples 100
Epoch 0 Update 2660 Cost 86.7374551708 Time 64751.4347279 Samples 100
Epoch 0 Update 2665 Cost 103.603964051 Time 64751.5753009 Samples 100
Epoch 0 Update 2670 Cost 71.9349948726 Time 64751.7150979 Samples 100
Epoch 0 Update 2675 Cost 84.8553212154 Time 64751.855794 Samples 100
Epoch 0 Update 2680 Cost 85.65994035 Time 64751.9960599 Samples 100
Epoch 0 Update 2685 Cost 88.466887206 Time 64752.1358919 Samples 100
Epoch 0 Update 2690 Cost 83.7296542518 Time 64752.27614 Samples 100
Epoch 0 Update 2695 Cost 80.9242596856 Time 64752.4158218 Samples 100
Epoch 0 Update 2700 Cost 82.7604157257 Time 64752.5559268 Samples 100
Epoch 0 Update 2705 Cost 82.0301493364 Time 64752.696008 Samples 100
Epoch 0 Update 2710 Cost 80.4508185079 Time 64752.8357649 Samples 100
Epoch 0 Update 2715 Cost 91.5463936234 Time 64752.9757018 Samples 100
Epoch 0 Update 2720 Cost 85.7100003934 Time 64753.1150968 Samples 100
Epoch 0 Update 2725 Cost 94.9710442346 Time 64753.2553918 Samples 100
Epoch 0 Update 2730 Cost 88.4942751888 Time 64753.3951819 Samples 100
Epoch 0 Update 2735 Cost 82.3377430843 Time 64753.5349219 Samples 100
Epoch 0 Update 2740 Cost 84.2308732305 Time 64753.6754458 Samples 100
Epoch 0 Update 2745 Cost 96.1679405824 Time 64753.8151379 Samples 100
Epoch 0 Update 2750 Cost 78.3295815936 Time 64753.9550338 Samples 100
Epoch 0 Update 2755 Cost 81.8465317511 Time 64754.0949938 Samples 100
Epoch 0 Update 2760 Cost 79.9649589786 Time 64754.2348619 Samples 100
Epoch 0 Update 2765 Cost 86.2605585279 Time 64754.375278 Samples 100
Epoch 0 Update 2770 Cost 88.6027024862 Time 64754.5149648 Samples 100
Epoch 0 Update 2775 Cost 103.435417339 Time 64754.654706 Samples 100
Epoch 0 Update 2780 Cost 91.3823850406 Time 64754.7953179 Samples 100
Epoch 0 Update 2785 Cost 77.7360843351 Time 64754.935205 Samples 100
Epoch 0 Update 2790 Cost 99.0989530752 Time 64755.074806 Samples 100
Epoch 0 Update 2795 Cost 87.4638673512 Time 64755.214767 Samples 100
Epoch 0 Update 2800 Cost 91.5100192388 Time 64755.3543169 Samples 100
Epoch 0 Update 2805 Cost 82.9962961667 Time 64755.4945948 Samples 100
Epoch 0 Update 2810 Cost 83.4668726337 Time 64755.634372 Samples 100
Epoch 0 Update 2815 Cost 74.1615106796 Time 64755.7741508 Samples 100
Epoch 0 Update 2820 Cost 85.2989196019 Time 64755.914192 Samples 100
Epoch 0 Update 2825 Cost 101.377104649 Time 64756.0536759 Samples 100
Epoch 0 Update 2830 Cost 86.9124390879 Time 64756.1937339 Samples 100
Epoch 0 Update 2835 Cost 85.746018651 Time 64756.3335719 Samples 100
Epoch 0 Update 2840 Cost 76.3934520785 Time 64756.4736259 Samples 100
Epoch 0 Update 2845 Cost 85.1096635502 Time 64756.6133418 Samples 100
Epoch 0 Update 2850 Cost 78.6603679054 Time 64756.7529199 Samples 100
Epoch 0 Update 2855 Cost 94.4830313126 Time 64756.892823 Samples 100
Epoch 0 Update 2860 Cost 92.5200262689 Time 64757.0322738 Samples 100
Epoch 0 Update 2865 Cost 80.1772170673 Time 64757.1720719 Samples 100
Epoch 0 Update 2870 Cost 84.9822549486 Time 64757.311687 Samples 100
Epoch 0 Update 2875 Cost 82.9522498397 Time 64757.4517438 Samples 100
Epoch 0 Update 2880 Cost 77.071337533 Time 64757.59161 Samples 100
Epoch 0 Update 2885 Cost 96.1384597764 Time 64757.731303 Samples 100
Epoch 0 Update 2890 Cost 86.2622635355 Time 64757.870868 Samples 100
Epoch 0 Update 2895 Cost 98.6423050593 Time 64758.0111468 Samples 100
Epoch 0 Update 2900 Cost 87.7378634298 Time 64758.1508479 Samples 100
Epoch 0 Update 2905 Cost 80.1089162311 Time 64758.2908099 Samples 100
Epoch 0 Update 2910 Cost 100.219237439 Time 64758.4301169 Samples 100
Epoch 0 Update 2915 Cost 86.1605036013 Time 64758.5694349 Samples 100
Epoch 0 Update 2920 Cost 92.4082102749 Time 64758.709415 Samples 100
Epoch 0 Update 2925 Cost 80.7685806695 Time 64758.8487518 Samples 100
Epoch 0 Update 2930 Cost 76.480094122 Time 64758.988935 Samples 100
Epoch 0 Update 2935 Cost 65.6465592807 Time 64759.1282549 Samples 100
Epoch 0 Update 2940 Cost 74.5523439996 Time 64759.2688529 Samples 100
Epoch 0 Update 2945 Cost 74.4441547369 Time 64759.4083178 Samples 100
Epoch 0 Update 2950 Cost 76.7879982982 Time 64759.548064 Samples 100
Epoch 0 Update 2955 Cost 90.2604905338 Time 64759.6880398 Samples 100
Epoch 0 Update 2960 Cost 80.9169343289 Time 64759.827632 Samples 100
Epoch 0 Update 2965 Cost 74.2066855704 Time 64759.96734 Samples 100
Epoch 0 Update 2970 Cost 95.5131777896 Time 64760.106699 Samples 100
Epoch 0 Update 2975 Cost 87.5075053779 Time 64760.246727 Samples 100
Epoch 0 Update 2980 Cost 98.7164340166 Time 64760.387018 Samples 100
Epoch 0 Update 2985 Cost 94.5398027867 Time 64760.5269868 Samples 100
Epoch 0 Update 2990 Cost 90.4997320181 Time 64760.6664858 Samples 100
Epoch 0 Update 2995 Cost 87.3103103611 Time 64760.8060889 Samples 100
Epoch 0 Update 3000 Cost 95.9164111773 Time 64760.9455149 Samples 100
Saving...
Testing on Validation set...
####### NEW BEST VALID #######
Epoch 0 Update 3000 Training Cost 103.305233655 Validation mean rank 20971.1557353 Validation hit@10 24.755409953% Validation hit@1 17.9581466872%
                                               Testing mean rank 21235.3550763 Testing hit@10 24.6008644262% Testing hit@1 17.7229425774%
Epoch 0 Update 3005 Cost 77.4292848371 Time 97364.088028 Samples 100
Epoch 0 Update 3010 Cost 94.3938029115 Time 97364.228925 Samples 100
Epoch 0 Update 3015 Cost 82.2838827317 Time 97364.3691828 Samples 100
Epoch 0 Update 3020 Cost 94.2700064069 Time 97364.510299 Samples 100
Epoch 0 Update 3025 Cost 103.252909145 Time 97364.6505189 Samples 100
Epoch 0 Update 3030 Cost 84.6885887525 Time 97364.7903678 Samples 100
Epoch 0 Update 3035 Cost 82.2561707682 Time 97364.9307709 Samples 100
Epoch 0 Update 3040 Cost 85.6361371649 Time 97365.0707128 Samples 100
Epoch 0 Update 3045 Cost 85.2674039607 Time 97365.211031 Samples 100
Epoch 0 Update 3050 Cost 79.7265307948 Time 97365.3507848 Samples 100
Epoch 0 Update 3055 Cost 82.2539955375 Time 97365.4910188 Samples 100
Epoch 0 Update 3060 Cost 71.6552906732 Time 97365.6310499 Samples 100
Epoch 0 Update 3065 Cost 86.2783272728 Time 97365.7704079 Samples 100
Epoch 0 Update 3070 Cost 96.3222788228 Time 97365.9103978 Samples 100
Epoch 0 Update 3075 Cost 82.2223883502 Time 97366.0498278 Samples 100
Epoch 0 Update 3080 Cost 70.6223559563 Time 97366.1895938 Samples 100
Epoch 0 Update 3085 Cost 89.3595792597 Time 97366.3294628 Samples 100
Epoch 0 Update 3090 Cost 80.3933336586 Time 97366.469631 Samples 100
Epoch 0 Update 3095 Cost 85.5373952444 Time 97366.609031 Samples 100
Epoch 0 Update 3100 Cost 82.2293136322 Time 97366.748338 Samples 100
Epoch 0 Update 3105 Cost 88.9215783755 Time 97366.887692 Samples 100
Epoch 0 Update 3110 Cost 86.7499198221 Time 97367.027283 Samples 100
Epoch 0 Update 3115 Cost 92.7555018107 Time 97367.16693 Samples 100
Epoch 0 Update 3120 Cost 78.0829313938 Time 97367.3060369 Samples 100
Epoch 0 Update 3125 Cost 84.2763374204 Time 97367.4460349 Samples 100
Epoch 0 Update 3130 Cost 80.2806703856 Time 97367.585434 Samples 100
Epoch 0 Update 3135 Cost 80.6442381335 Time 97367.7248518 Samples 100
Epoch 0 Update 3140 Cost 77.5979751204 Time 97367.8645539 Samples 100
Epoch 0 Update 3145 Cost 85.3454262662 Time 97368.00418 Samples 100
Epoch 0 Update 3150 Cost 89.434592217 Time 97368.143549 Samples 100
Epoch 0 Update 3155 Cost 90.7892629122 Time 97368.2832549 Samples 100
Epoch 0 Update 3160 Cost 86.3334986149 Time 97368.422874 Samples 100
Epoch 0 Update 3165 Cost 85.4010232414 Time 97368.5621438 Samples 100
Epoch 0 Update 3170 Cost 86.0981673507 Time 97368.7018158 Samples 100
Epoch 0 Update 3175 Cost 84.8683276471 Time 97368.8408878 Samples 100
Epoch 0 Update 3180 Cost 74.502102964 Time 97368.980022 Samples 100
Epoch 0 Update 3185 Cost 77.3829452557 Time 97369.1194899 Samples 100
Epoch 0 Update 3190 Cost 66.6619349911 Time 97369.2584529 Samples 100
Epoch 0 Update 3195 Cost 81.1937362432 Time 97369.3975689 Samples 100
Epoch 0 Update 3200 Cost 82.7841873234 Time 97369.5370228 Samples 100
Epoch 0 Update 3205 Cost 75.273315459 Time 97369.6760759 Samples 100
Epoch 0 Update 3210 Cost 68.9936201707 Time 97369.8162448 Samples 100
Epoch 0 Update 3215 Cost 80.0662050993 Time 97369.955483 Samples 100
Epoch 0 Update 3220 Cost 76.0361046683 Time 97370.0948319 Samples 100
Epoch 0 Update 3225 Cost 76.706493511 Time 97370.2343869 Samples 100
Epoch 0 Update 3230 Cost 77.2845231138 Time 97370.3735938 Samples 100
Epoch 0 Update 3235 Cost 89.8895003107 Time 97370.5127439 Samples 100
Epoch 0 Update 3240 Cost 98.1670731191 Time 97370.6517909 Samples 100
Epoch 0 Update 3245 Cost 77.5464262655 Time 97370.7912569 Samples 100
Epoch 0 Update 3250 Cost 83.9680266787 Time 97370.930414 Samples 100
Epoch 0 Update 3255 Cost 86.6297967286 Time 97371.0693479 Samples 100
Epoch 0 Update 3260 Cost 80.4444929267 Time 97371.2084219 Samples 100
Epoch 0 Update 3265 Cost 84.7966108168 Time 97371.347343 Samples 100
Epoch 0 Update 3270 Cost 106.880582587 Time 97371.4869549 Samples 100
Epoch 0 Update 3275 Cost 70.5802032657 Time 97371.6261048 Samples 100
Epoch 0 Update 3280 Cost 85.2080945436 Time 97371.7651448 Samples 100
Epoch 0 Update 3285 Cost 87.8287478748 Time 97371.9042158 Samples 100
Epoch 0 Update 3290 Cost 76.6696601334 Time 97372.0434968 Samples 100
Epoch 0 Update 3295 Cost 90.528755435 Time 97372.1825569 Samples 100
Epoch 0 Update 3300 Cost 74.598546194 Time 97372.3230479 Samples 100
Epoch 0 Update 3305 Cost 89.7108007938 Time 97372.4628768 Samples 100
Epoch 0 Update 3310 Cost 88.3287711814 Time 97372.602757 Samples 100
Epoch 0 Update 3315 Cost 72.8476936622 Time 97372.7421939 Samples 100
Epoch 0 Update 3320 Cost 83.1170207315 Time 97372.881609 Samples 100
Epoch 0 Update 3325 Cost 86.1491872877 Time 97373.0216069 Samples 100
Epoch 0 Update 3330 Cost 75.6956411465 Time 97373.161155 Samples 100
Epoch 0 Update 3335 Cost 88.1348851711 Time 97373.3004019 Samples 100
Epoch 0 Update 3340 Cost 84.6789424803 Time 97373.440063 Samples 100
Epoch 0 Update 3345 Cost 90.4447915164 Time 97373.5793719 Samples 100
Epoch 0 Update 3350 Cost 89.8824264714 Time 97373.7189889 Samples 100
Epoch 0 Update 3355 Cost 72.2984117057 Time 97373.8580039 Samples 100
Epoch 0 Update 3360 Cost 83.7071028703 Time 97373.9970729 Samples 100
Epoch 0 Update 3365 Cost 80.5123621457 Time 97374.136616 Samples 100
Epoch 0 Update 3370 Cost 82.3033484658 Time 97374.2765148 Samples 100
Epoch 0 Update 3375 Cost 94.2384369158 Time 97374.4156508 Samples 100
Epoch 0 Update 3380 Cost 75.8688166136 Time 97374.5549629 Samples 100
Epoch 0 Update 3385 Cost 68.9530999311 Time 97374.6940448 Samples 100
Epoch 0 Update 3390 Cost 67.1031060038 Time 97374.8332579 Samples 100
Epoch 0 Update 3395 Cost 94.024642293 Time 97374.9723449 Samples 100
Epoch 0 Update 3400 Cost 76.990486675 Time 97375.111727 Samples 100
Epoch 0 Update 3405 Cost 83.3861170943 Time 97375.2509289 Samples 100
Epoch 0 Update 3410 Cost 95.9554700887 Time 97375.3900759 Samples 100
Epoch 0 Update 3415 Cost 74.479531512 Time 97375.529743 Samples 100
Epoch 0 Update 3420 Cost 81.2818123016 Time 97375.6692009 Samples 100
Epoch 0 Update 3425 Cost 93.6188034637 Time 97375.8086858 Samples 100
Epoch 0 Update 3430 Cost 84.0503338076 Time 97375.9479158 Samples 100
Epoch 0 Update 3435 Cost 98.2574336816 Time 97376.0870459 Samples 100
Epoch 0 Update 3440 Cost 73.1298262861 Time 97376.2266269 Samples 100
Epoch 0 Update 3445 Cost 82.207654501 Time 97376.3660569 Samples 100
Epoch 0 Update 3450 Cost 90.0330393222 Time 97376.5054059 Samples 100
Epoch 0 Update 3455 Cost 97.528494707 Time 97376.6448598 Samples 100
Epoch 0 Update 3460 Cost 77.1804808403 Time 97376.7838578 Samples 100
Epoch 0 Update 3465 Cost 69.7435311775 Time 97376.9233398 Samples 100
Epoch 0 Update 3470 Cost 76.5643409317 Time 97377.0625718 Samples 100
Epoch 0 Update 3475 Cost 92.0060707302 Time 97377.2016659 Samples 100
Epoch 0 Update 3480 Cost 77.2060257188 Time 97377.3408668 Samples 100
Epoch 0 Update 3485 Cost 79.4126026219 Time 97377.4798529 Samples 100
Epoch 0 Update 3490 Cost 83.3213278442 Time 97377.6190338 Samples 100
Epoch 0 Update 3495 Cost 81.1724019467 Time 97377.7579949 Samples 100
Epoch 0 Update 3500 Cost 83.9398615895 Time 97377.8969729 Samples 100
Epoch 0 Update 3505 Cost 96.8580273442 Time 97378.036227 Samples 100
Epoch 0 Update 3510 Cost 83.3771290815 Time 97378.1753058 Samples 100
Epoch 0 Update 3515 Cost 91.5891876931 Time 97378.3148699 Samples 100
Epoch 0 Update 3520 Cost 89.5960076827 Time 97378.4542959 Samples 100
Epoch 0 Update 3525 Cost 77.4557632282 Time 97378.5933328 Samples 100
Epoch 0 Update 3530 Cost 81.2425571687 Time 97378.7325218 Samples 100
Epoch 0 Update 3535 Cost 89.5863393241 Time 97378.8721168 Samples 100
Epoch 0 Update 3540 Cost 78.2788294505 Time 97379.0113549 Samples 100
Epoch 0 Update 3545 Cost 77.622094785 Time 97379.150893 Samples 100
Epoch 0 Update 3550 Cost 83.5641602561 Time 97379.2897348 Samples 100
Epoch 0 Update 3555 Cost 82.6301574968 Time 97379.4290578 Samples 100
Epoch 0 Update 3560 Cost 79.8782645397 Time 97379.5684218 Samples 100
Epoch 0 Update 3565 Cost 97.9019584037 Time 97379.7074819 Samples 100
Epoch 0 Update 3570 Cost 94.8676156975 Time 97379.847209 Samples 100
Epoch 0 Update 3575 Cost 79.2159286036 Time 97379.9860959 Samples 100
Epoch 0 Update 3580 Cost 89.1989567044 Time 97380.1258278 Samples 100
Epoch 0 Update 3585 Cost 76.5191661747 Time 97380.2655489 Samples 100
Epoch 0 Update 3590 Cost 70.4147871141 Time 97380.4043779 Samples 100
Epoch 0 Update 3595 Cost 68.4177211603 Time 97380.5435979 Samples 100
Saving...
Epoch 1
change = 0.0378138409471
Epoch 1 Update 3600 Cost 52.506543446 Time 0.152801036835 Samples 100
Epoch 1 Update 3605 Cost 56.0187106721 Time 0.293199062347 Samples 100
Epoch 1 Update 3610 Cost 54.04064293 Time 0.43231511116 Samples 100
Epoch 1 Update 3615 Cost 58.4983202271 Time 0.57137298584 Samples 100
Epoch 1 Update 3620 Cost 54.2968285184 Time 0.710423946381 Samples 100
Epoch 1 Update 3625 Cost 56.6397351949 Time 0.849339008331 Samples 100
Epoch 1 Update 3630 Cost 47.8809178027 Time 0.988341093063 Samples 100
Epoch 1 Update 3635 Cost 46.1515639239 Time 1.12768912315 Samples 100
Epoch 1 Update 3640 Cost 55.3687316659 Time 1.26671409607 Samples 100
Epoch 1 Update 3645 Cost 49.4999400783 Time 1.40550708771 Samples 100
Epoch 1 Update 3650 Cost 50.0270319973 Time 1.5447280407 Samples 100
Epoch 1 Update 3655 Cost 48.6976567149 Time 1.68354415894 Samples 100
Epoch 1 Update 3660 Cost 47.6957769167 Time 1.82261800766 Samples 100
Epoch 1 Update 3665 Cost 52.5322876458 Time 1.96200704575 Samples 100
Epoch 1 Update 3670 Cost 38.767837895 Time 2.10103797913 Samples 100
Epoch 1 Update 3675 Cost 63.2347753384 Time 2.23989915848 Samples 100
Epoch 1 Update 3680 Cost 54.1554940471 Time 2.378895998 Samples 100
Epoch 1 Update 3685 Cost 53.8373815066 Time 2.51802515984 Samples 100
Epoch 1 Update 3690 Cost 60.2302951514 Time 2.65709495544 Samples 100
Epoch 1 Update 3695 Cost 60.9342169903 Time 2.79606699944 Samples 100
Epoch 1 Update 3700 Cost 50.0471194024 Time 2.93551206589 Samples 100
Epoch 1 Update 3705 Cost 52.618382105 Time 3.07440209389 Samples 100
Epoch 1 Update 3710 Cost 54.3482873704 Time 3.21337914467 Samples 100
Epoch 1 Update 3715 Cost 56.8778000818 Time 3.35262393951 Samples 100
Epoch 1 Update 3720 Cost 49.5088699493 Time 3.491533041 Samples 100
Epoch 1 Update 3725 Cost 39.6484848947 Time 3.63070297241 Samples 100
Epoch 1 Update 3730 Cost 60.1859694124 Time 3.76931715012 Samples 100
Epoch 1 Update 3735 Cost 51.8422291435 Time 3.90886211395 Samples 100
Epoch 1 Update 3740 Cost 45.780091547 Time 4.04791998863 Samples 100
Epoch 1 Update 3745 Cost 44.7799417352 Time 4.18672609329 Samples 100
Epoch 1 Update 3750 Cost 60.1191554616 Time 4.32590508461 Samples 100
Epoch 1 Update 3755 Cost 43.6928862748 Time 4.46478509903 Samples 100
Epoch 1 Update 3760 Cost 46.5920379233 Time 4.60391998291 Samples 100
Epoch 1 Update 3765 Cost 49.8687381334 Time 4.74355697632 Samples 100
Epoch 1 Update 3770 Cost 45.6633811362 Time 4.88255310059 Samples 100
Epoch 1 Update 3775 Cost 49.2053612837 Time 5.02177405357 Samples 100
Epoch 1 Update 3780 Cost 52.7079579497 Time 5.16065812111 Samples 100
Epoch 1 Update 3785 Cost 52.6560955844 Time 5.29929709435 Samples 100
Epoch 1 Update 3790 Cost 42.9450904631 Time 5.43847513199 Samples 100
Epoch 1 Update 3795 Cost 55.77104027 Time 5.57779312134 Samples 100
Epoch 1 Update 3800 Cost 45.9467914882 Time 5.71674609184 Samples 100
Epoch 1 Update 3805 Cost 49.272417241 Time 5.85581302643 Samples 100
Epoch 1 Update 3810 Cost 61.8785289139 Time 5.99494194984 Samples 100
Epoch 1 Update 3815 Cost 55.9871136126 Time 6.13414812088 Samples 100
Epoch 1 Update 3820 Cost 56.7160880374 Time 6.27303314209 Samples 100
Epoch 1 Update 3825 Cost 54.1907293922 Time 6.41196393967 Samples 100
Epoch 1 Update 3830 Cost 57.8839952221 Time 6.55124115944 Samples 100
Epoch 1 Update 3835 Cost 56.6233923435 Time 6.69043207169 Samples 100
Epoch 1 Update 3840 Cost 62.6589756119 Time 6.82954096794 Samples 100
Epoch 1 Update 3845 Cost 50.4665007184 Time 6.96818900108 Samples 100
Epoch 1 Update 3850 Cost 62.6578975903 Time 7.10701203346 Samples 100
Epoch 1 Update 3855 Cost 51.2360305085 Time 7.24618697166 Samples 100
Epoch 1 Update 3860 Cost 54.2120363955 Time 7.38486409187 Samples 100
Epoch 1 Update 3865 Cost 51.9778270388 Time 7.52392101288 Samples 100
Epoch 1 Update 3870 Cost 51.4491109233 Time 7.66298794746 Samples 100
Epoch 1 Update 3875 Cost 55.4891660132 Time 7.80161499977 Samples 100
Epoch 1 Update 3880 Cost 48.5641410927 Time 7.94078612328 Samples 100
Epoch 1 Update 3885 Cost 62.9644810446 Time 8.07946896553 Samples 100
Epoch 1 Update 3890 Cost 62.1761922195 Time 8.21821212769 Samples 100
Epoch 1 Update 3895 Cost 48.5501972741 Time 8.35689997673 Samples 100
Epoch 1 Update 3900 Cost 54.5454807062 Time 8.49597406387 Samples 100
Epoch 1 Update 3905 Cost 51.2873742049 Time 8.63475513458 Samples 100
Epoch 1 Update 3910 Cost 54.5976181748 Time 8.77414798737 Samples 100
Epoch 1 Update 3915 Cost 56.9587227762 Time 8.91289305687 Samples 100
Epoch 1 Update 3920 Cost 62.1161349185 Time 9.05204916 Samples 100
Epoch 1 Update 3925 Cost 60.6683070786 Time 9.1911380291 Samples 100
Epoch 1 Update 3930 Cost 48.9654562177 Time 9.32982397079 Samples 100
Epoch 1 Update 3935 Cost 48.8891862985 Time 9.4686460495 Samples 100
Epoch 1 Update 3940 Cost 57.2724707882 Time 9.60745501518 Samples 100
Epoch 1 Update 3945 Cost 43.1885724501 Time 9.74633908272 Samples 100
Epoch 1 Update 3950 Cost 55.808375894 Time 9.88535904884 Samples 100
Epoch 1 Update 3955 Cost 47.4499505347 Time 10.0242199898 Samples 100
Epoch 1 Update 3960 Cost 56.1076637969 Time 10.163241148 Samples 100
Epoch 1 Update 3965 Cost 45.5994815573 Time 10.3020341396 Samples 100
Epoch 1 Update 3970 Cost 56.1508717995 Time 10.4413211346 Samples 100
Epoch 1 Update 3975 Cost 49.7046312642 Time 10.5802080631 Samples 100
Epoch 1 Update 3980 Cost 55.9481467578 Time 10.7205080986 Samples 100
Epoch 1 Update 3985 Cost 49.3506287988 Time 10.8598179817 Samples 100
Epoch 1 Update 3990 Cost 50.6026931537 Time 10.9997079372 Samples 100
Epoch 1 Update 3995 Cost 53.8505984117 Time 11.1388859749 Samples 100
Epoch 1 Update 4000 Cost 50.3140560166 Time 11.2778110504 Samples 100
Saving...
Testing on Validation set...
####### NEW BEST VALID #######
Epoch 1 Update 4000 Training Cost 52.6742128554 Validation mean rank 20581.0743019 Validation hit@10 24.5949499677% Validation hit@1 7.15161239999%
                                               Testing mean rank 20806.5439711 Testing hit@10 24.2877304402% Testing hit@1 7.05213019317%
Epoch 1 Update 4005 Cost 58.7406590084 Time 32358.3890631 Samples 100
Epoch 1 Update 4010 Cost 50.1996801124 Time 32358.5302651 Samples 100
Epoch 1 Update 4015 Cost 56.1570893157 Time 32358.6705651 Samples 100
Epoch 1 Update 4020 Cost 47.1800988924 Time 32358.8104241 Samples 100
Epoch 1 Update 4025 Cost 46.4261736235 Time 32358.9502041 Samples 100
Epoch 1 Update 4030 Cost 57.0079399319 Time 32359.0898621 Samples 100
Epoch 1 Update 4035 Cost 67.8190252534 Time 32359.2293351 Samples 100
Epoch 1 Update 4040 Cost 59.1189354929 Time 32359.3689489 Samples 100
Epoch 1 Update 4045 Cost 65.4680733961 Time 32359.508374 Samples 100
Epoch 1 Update 4050 Cost 58.4881318649 Time 32359.647393 Samples 100
Epoch 1 Update 4055 Cost 54.7608557937 Time 32359.78686 Samples 100
Epoch 1 Update 4060 Cost 50.0307943903 Time 32359.927068 Samples 100
Epoch 1 Update 4065 Cost 49.5040029827 Time 32360.066889 Samples 100
Epoch 1 Update 4070 Cost 39.1628684287 Time 32360.206141 Samples 100
Epoch 1 Update 4075 Cost 56.3443538777 Time 32360.346689 Samples 100
Epoch 1 Update 4080 Cost 61.0883852374 Time 32360.4857121 Samples 100
Epoch 1 Update 4085 Cost 50.6788953019 Time 32360.6248231 Samples 100
Epoch 1 Update 4090 Cost 45.3329820133 Time 32360.764106 Samples 100
Epoch 1 Update 4095 Cost 47.6028757589 Time 32360.9032412 Samples 100
Epoch 1 Update 4100 Cost 58.9924465684 Time 32361.041882 Samples 100
Epoch 1 Update 4105 Cost 51.6626022936 Time 32361.1806591 Samples 100
Epoch 1 Update 4110 Cost 43.8531245991 Time 32361.319875 Samples 100
Epoch 1 Update 4115 Cost 51.2002401084 Time 32361.459018 Samples 100
Epoch 1 Update 4120 Cost 58.0408566491 Time 32361.598922 Samples 100
Epoch 1 Update 4125 Cost 38.2413725311 Time 32361.7383211 Samples 100
Epoch 1 Update 4130 Cost 49.1412180312 Time 32361.878001 Samples 100
Epoch 1 Update 4135 Cost 53.833089794 Time 32362.0176401 Samples 100
Epoch 1 Update 4140 Cost 44.2644123449 Time 32362.1561821 Samples 100
Epoch 1 Update 4145 Cost 49.7945226393 Time 32362.2948711 Samples 100
Epoch 1 Update 4150 Cost 45.3425981198 Time 32362.433877 Samples 100
Epoch 1 Update 4155 Cost 60.4879055425 Time 32362.572674 Samples 100
Epoch 1 Update 4160 Cost 53.107612455 Time 32362.711956 Samples 100
Epoch 1 Update 4165 Cost 50.2258993226 Time 32362.851238 Samples 100
Epoch 1 Update 4170 Cost 66.8260923536 Time 32362.989778 Samples 100
Epoch 1 Update 4175 Cost 57.7544781673 Time 32363.128772 Samples 100
Epoch 1 Update 4180 Cost 60.68107248 Time 32363.267607 Samples 100
Epoch 1 Update 4185 Cost 51.0218691129 Time 32363.406461 Samples 100
Epoch 1 Update 4190 Cost 50.7306323604 Time 32363.546109 Samples 100
Epoch 1 Update 4195 Cost 51.9821780815 Time 32363.6850669 Samples 100
Epoch 1 Update 4200 Cost 60.022079538 Time 32363.8245621 Samples 100
Epoch 1 Update 4205 Cost 58.5194398213 Time 32363.9637041 Samples 100
Epoch 1 Update 4210 Cost 58.8493275621 Time 32364.1022789 Samples 100
Epoch 1 Update 4215 Cost 46.721572627 Time 32364.2414861 Samples 100
Epoch 1 Update 4220 Cost 57.452706489 Time 32364.3802271 Samples 100
Epoch 1 Update 4225 Cost 56.3333912581 Time 32364.5196521 Samples 100
Epoch 1 Update 4230 Cost 50.6145634082 Time 32364.6584971 Samples 100
Epoch 1 Update 4235 Cost 54.67341216 Time 32364.797365 Samples 100
Epoch 1 Update 4240 Cost 57.9772320922 Time 32364.936487 Samples 100
Epoch 1 Update 4245 Cost 56.1557666814 Time 32365.0756931 Samples 100
Epoch 1 Update 4250 Cost 49.7713296627 Time 32365.2147691 Samples 100
Epoch 1 Update 4255 Cost 67.4476539179 Time 32365.3534241 Samples 100
Epoch 1 Update 4260 Cost 58.8347688113 Time 32365.4921989 Samples 100
Epoch 1 Update 4265 Cost 61.639364923 Time 32365.631654 Samples 100
Epoch 1 Update 4270 Cost 51.3628228446 Time 32365.7704082 Samples 100
Epoch 1 Update 4275 Cost 57.8770996084 Time 32365.9096181 Samples 100
Epoch 1 Update 4280 Cost 56.6107854931 Time 32366.048393 Samples 100
Epoch 1 Update 4285 Cost 56.8421928482 Time 32366.187284 Samples 100
Epoch 1 Update 4290 Cost 54.193429581 Time 32366.3264511 Samples 100
Epoch 1 Update 4295 Cost 58.6907918219 Time 32366.4659071 Samples 100
Epoch 1 Update 4300 Cost 61.4360694492 Time 32366.6060801 Samples 100
Epoch 1 Update 4305 Cost 48.126296476 Time 32366.7451429 Samples 100
Epoch 1 Update 4310 Cost 70.8870635433 Time 32366.884259 Samples 100
Epoch 1 Update 4315 Cost 59.2797335786 Time 32367.0236251 Samples 100
Epoch 1 Update 4320 Cost 57.7881453679 Time 32367.1622841 Samples 100
Epoch 1 Update 4325 Cost 48.4028651005 Time 32367.3010981 Samples 100
Epoch 1 Update 4330 Cost 45.4468249379 Time 32367.4397449 Samples 100
Epoch 1 Update 4335 Cost 62.6028061677 Time 32367.578805 Samples 100
Epoch 1 Update 4340 Cost 48.0814233254 Time 32367.717452 Samples 100
Epoch 1 Update 4345 Cost 50.7729338411 Time 32367.8561749 Samples 100
Epoch 1 Update 4350 Cost 60.3145712987 Time 32367.995271 Samples 100
Epoch 1 Update 4355 Cost 48.1549762379 Time 32368.1340551 Samples 100
Epoch 1 Update 4360 Cost 53.3896814868 Time 32368.2728021 Samples 100
Epoch 1 Update 4365 Cost 58.0668300998 Time 32368.41151 Samples 100
Epoch 1 Update 4370 Cost 49.3935929724 Time 32368.550174 Samples 100
Epoch 1 Update 4375 Cost 49.8740369234 Time 32368.6893721 Samples 100
Epoch 1 Update 4380 Cost 43.3607203108 Time 32368.8279431 Samples 100
Epoch 1 Update 4385 Cost 54.4051660306 Time 32368.9672091 Samples 100
Epoch 1 Update 4390 Cost 56.9500521363 Time 32369.1063271 Samples 100
Epoch 1 Update 4395 Cost 55.5277416981 Time 32369.245795 Samples 100
Epoch 1 Update 4400 Cost 49.617376664 Time 32369.3846011 Samples 100
Epoch 1 Update 4405 Cost 55.1865047774 Time 32369.5237401 Samples 100
Epoch 1 Update 4410 Cost 46.2929942002 Time 32369.662657 Samples 100
Epoch 1 Update 4415 Cost 45.4490748386 Time 32369.801625 Samples 100
Epoch 1 Update 4420 Cost 61.9674097902 Time 32369.940872 Samples 100
Epoch 1 Update 4425 Cost 42.9842490271 Time 32370.0793571 Samples 100
Epoch 1 Update 4430 Cost 62.8608731299 Time 32370.218451 Samples 100
Epoch 1 Update 4435 Cost 46.1473767307 Time 32370.3575652 Samples 100
Epoch 1 Update 4440 Cost 59.758324904 Time 32370.496347 Samples 100
Epoch 1 Update 4445 Cost 46.5872638589 Time 32370.6363471 Samples 100
Epoch 1 Update 4450 Cost 67.0507003818 Time 32370.7760961 Samples 100
Epoch 1 Update 4455 Cost 54.6336580745 Time 32370.915674 Samples 100
Epoch 1 Update 4460 Cost 55.0701662564 Time 32371.0554631 Samples 100
Epoch 1 Update 4465 Cost 44.0947128649 Time 32371.1951611 Samples 100
Epoch 1 Update 4470 Cost 55.9120817792 Time 32371.3346992 Samples 100
Epoch 1 Update 4475 Cost 66.3947027589 Time 32371.4736462 Samples 100
Epoch 1 Update 4480 Cost 55.3863999137 Time 32371.61305 Samples 100
Epoch 1 Update 4485 Cost 67.7936655835 Time 32371.752027 Samples 100
Epoch 1 Update 4490 Cost 64.8988650852 Time 32371.891376 Samples 100
Epoch 1 Update 4495 Cost 47.6489257632 Time 32372.0306251 Samples 100
Epoch 1 Update 4500 Cost 54.1388372149 Time 32372.1700141 Samples 100
Epoch 1 Update 4505 Cost 58.0985326174 Time 32372.3095601 Samples 100
Epoch 1 Update 4510 Cost 50.6509010989 Time 32372.4484701 Samples 100
Epoch 1 Update 4515 Cost 63.2263235305 Time 32372.5875721 Samples 100
Epoch 1 Update 4520 Cost 55.5114353252 Time 32372.7267311 Samples 100
Epoch 1 Update 4525 Cost 48.4780081616 Time 32372.865597 Samples 100
Epoch 1 Update 4530 Cost 57.5275270455 Time 32373.004421 Samples 100
Epoch 1 Update 4535 Cost 41.8509334792 Time 32373.1438611 Samples 100
Epoch 1 Update 4540 Cost 55.7716451952 Time 32373.283386 Samples 100
Epoch 1 Update 4545 Cost 61.8740366102 Time 32373.4226031 Samples 100
Epoch 1 Update 4550 Cost 52.9999561228 Time 32373.5616741 Samples 100
Epoch 1 Update 4555 Cost 60.597401594 Time 32373.700738 Samples 100
Epoch 1 Update 4560 Cost 52.3078130588 Time 32373.8399451 Samples 100
Epoch 1 Update 4565 Cost 63.1066830158 Time 32373.978863 Samples 100
Epoch 1 Update 4570 Cost 47.0237996989 Time 32374.1183 Samples 100
Epoch 1 Update 4575 Cost 56.7371325786 Time 32374.2577171 Samples 100
Epoch 1 Update 4580 Cost 50.4536439317 Time 32374.396503 Samples 100
Epoch 1 Update 4585 Cost 48.8133248549 Time 32374.5357461 Samples 100
Epoch 1 Update 4590 Cost 50.0828983415 Time 32374.674747 Samples 100
Epoch 1 Update 4595 Cost 45.2486522312 Time 32374.8139751 Samples 100
Epoch 1 Update 4600 Cost 57.2654239342 Time 32374.9528461 Samples 100
Epoch 1 Update 4605 Cost 50.6581856352 Time 32375.0920811 Samples 100
Epoch 1 Update 4610 Cost 46.3318247554 Time 32375.230948 Samples 100
Epoch 1 Update 4615 Cost 48.9867790885 Time 32375.369848 Samples 100
Epoch 1 Update 4620 Cost 50.6817867393 Time 32375.508523 Samples 100
Epoch 1 Update 4625 Cost 61.8494303276 Time 32375.6474609 Samples 100
Epoch 1 Update 4630 Cost 55.7678081709 Time 32375.786164 Samples 100
Epoch 1 Update 4635 Cost 51.5836151053 Time 32375.9251101 Samples 100
Epoch 1 Update 4640 Cost 45.7953011965 Time 32376.0640411 Samples 100
Epoch 1 Update 4645 Cost 59.8928364916 Time 32376.2028751 Samples 100
Epoch 1 Update 4650 Cost 52.1566581682 Time 32376.3423522 Samples 100
Epoch 1 Update 4655 Cost 54.5440487606 Time 32376.48085 Samples 100
Epoch 1 Update 4660 Cost 57.2499522417 Time 32376.6196802 Samples 100
Epoch 1 Update 4665 Cost 52.3130013162 Time 32376.7586181 Samples 100
Epoch 1 Update 4670 Cost 49.5391454731 Time 32376.897615 Samples 100
Epoch 1 Update 4675 Cost 61.0410692477 Time 32377.0365469 Samples 100
Epoch 1 Update 4680 Cost 53.4960612159 Time 32377.1755931 Samples 100
Epoch 1 Update 4685 Cost 68.3094983386 Time 32377.3151021 Samples 100
Epoch 1 Update 4690 Cost 50.9569721866 Time 32377.4547729 Samples 100
Epoch 1 Update 4695 Cost 60.2350020916 Time 32377.5936019 Samples 100
Epoch 1 Update 4700 Cost 65.6017610184 Time 32377.7328269 Samples 100
Epoch 1 Update 4705 Cost 51.8918300055 Time 32377.8716521 Samples 100
Epoch 1 Update 4710 Cost 59.4310703159 Time 32378.010781 Samples 100
Epoch 1 Update 4715 Cost 71.7902704792 Time 32378.1498041 Samples 100
Epoch 1 Update 4720 Cost 54.2719219426 Time 32378.2885551 Samples 100
Epoch 1 Update 4725 Cost 43.412188843 Time 32378.427295 Samples 100
Epoch 1 Update 4730 Cost 51.2972473652 Time 32378.565902 Samples 100
Epoch 1 Update 4735 Cost 53.5645266019 Time 32378.7048881 Samples 100
Epoch 1 Update 4740 Cost 51.1566159381 Time 32378.8441031 Samples 100
Epoch 1 Update 4745 Cost 56.1935434319 Time 32378.9830999 Samples 100
Epoch 1 Update 4750 Cost 51.5441776023 Time 32379.1219921 Samples 100
Epoch 1 Update 4755 Cost 50.3395527382 Time 32379.2606831 Samples 100
Epoch 1 Update 4760 Cost 51.5355450826 Time 32379.400033 Samples 100
Epoch 1 Update 4765 Cost 53.0190479011 Time 32379.539073 Samples 100
Epoch 1 Update 4770 Cost 55.2261424019 Time 32379.6776671 Samples 100
Epoch 1 Update 4775 Cost 53.0435290236 Time 32379.8160861 Samples 100
Epoch 1 Update 4780 Cost 60.6234272851 Time 32379.9551821 Samples 100
Epoch 1 Update 4785 Cost 48.475014171 Time 32380.094213 Samples 100
Epoch 1 Update 4790 Cost 64.8440413969 Time 32380.2335191 Samples 100
Epoch 1 Update 4795 Cost 53.7997257079 Time 32380.3720741 Samples 100
Epoch 1 Update 4800 Cost 55.6002696127 Time 32380.5113471 Samples 100
Epoch 1 Update 4805 Cost 61.8572061517 Time 32380.6503761 Samples 100
Epoch 1 Update 4810 Cost 47.0179941987 Time 32380.7892392 Samples 100
Epoch 1 Update 4815 Cost 48.1354802013 Time 32380.928287 Samples 100
Epoch 1 Update 4820 Cost 49.2738806715 Time 32381.066977 Samples 100
Epoch 1 Update 4825 Cost 42.6077550069 Time 32381.2054241 Samples 100
Epoch 1 Update 4830 Cost 55.1447625768 Time 32381.344542 Samples 100
Epoch 1 Update 4835 Cost 55.048974069 Time 32381.48297 Samples 100
Epoch 1 Update 4840 Cost 58.7426195972 Time 32381.6224711 Samples 100
Epoch 1 Update 4845 Cost 54.6303412606 Time 32381.7614331 Samples 100
Epoch 1 Update 4850 Cost 48.5163498853 Time 32381.900425 Samples 100
Epoch 1 Update 4855 Cost 56.0762255458 Time 32382.039587 Samples 100
Epoch 1 Update 4860 Cost 47.9071501865 Time 32382.1783671 Samples 100
Epoch 1 Update 4865 Cost 57.2275637067 Time 32382.3172021 Samples 100
Epoch 1 Update 4870 Cost 53.9654825176 Time 32382.4562881 Samples 100
Epoch 1 Update 4875 Cost 47.4139683187 Time 32382.5950711 Samples 100
Epoch 1 Update 4880 Cost 60.1507768531 Time 32382.734812 Samples 100
Epoch 1 Update 4885 Cost 56.4809362501 Time 32382.873723 Samples 100
Epoch 1 Update 4890 Cost 60.1941141633 Time 32383.012445 Samples 100
Epoch 1 Update 4895 Cost 51.2125489876 Time 32383.1513181 Samples 100
Epoch 1 Update 4900 Cost 54.7456763398 Time 32383.290432 Samples 100
Epoch 1 Update 4905 Cost 48.4459491429 Time 32383.429389 Samples 100
Epoch 1 Update 4910 Cost 43.3471914426 Time 32383.568558 Samples 100
Epoch 1 Update 4915 Cost 51.6909269995 Time 32383.7075391 Samples 100
Epoch 1 Update 4920 Cost 60.2480575719 Time 32383.8472421 Samples 100
Epoch 1 Update 4925 Cost 50.1776008082 Time 32383.9861991 Samples 100
Epoch 1 Update 4930 Cost 56.2852924257 Time 32384.1251671 Samples 100
Epoch 1 Update 4935 Cost 44.9753500316 Time 32384.264277 Samples 100
Epoch 1 Update 4940 Cost 57.7564062318 Time 32384.403353 Samples 100
Epoch 1 Update 4945 Cost 57.7469938585 Time 32384.542841 Samples 100
Epoch 1 Update 4950 Cost 45.1076488901 Time 32384.681694 Samples 100
Epoch 1 Update 4955 Cost 62.3294189088 Time 32384.8210092 Samples 100
Epoch 1 Update 4960 Cost 56.5462779363 Time 32384.9603271 Samples 100
Epoch 1 Update 4965 Cost 53.1239174436 Time 32385.0989881 Samples 100
Epoch 1 Update 4970 Cost 47.3296185488 Time 32385.23809 Samples 100
Epoch 1 Update 4975 Cost 56.2251965324 Time 32385.376817 Samples 100
Epoch 1 Update 4980 Cost 51.1826252622 Time 32385.516001 Samples 100
Epoch 1 Update 4985 Cost 52.9458591067 Time 32385.655112 Samples 100
Epoch 1 Update 4990 Cost 50.2268588464 Time 32385.7938831 Samples 100
Epoch 1 Update 4995 Cost 49.2973816881 Time 32385.9327462 Samples 100
Epoch 1 Update 5000 Cost 59.9411740441 Time 32386.071507 Samples 100
Saving...
Testing on Validation set...
####### NEW BEST VALID #######
Epoch 1 Update 5000 Training Cost 53.3523368259 Validation mean rank 20488.0253839 Validation hit@10 24.2695727753% Validation hit@1 17.7040850438%
                                               Testing mean rank 20711.6520684 Testing hit@10 23.8996207109% Testing hit@1 17.2510364294%
Epoch 1 Update 5005 Cost 62.4413015765 Time 65014.5606911 Samples 100
Epoch 1 Update 5010 Cost 53.2389180286 Time 65014.702157 Samples 100
Epoch 1 Update 5015 Cost 45.4262610331 Time 65014.8427901 Samples 100
Epoch 1 Update 5020 Cost 48.6043860782 Time 65014.9834111 Samples 100
Epoch 1 Update 5025 Cost 57.7170358902 Time 65015.123069 Samples 100
Epoch 1 Update 5030 Cost 56.6283981388 Time 65015.2639689 Samples 100
Epoch 1 Update 5035 Cost 64.7375465755 Time 65015.4042101 Samples 100
Epoch 1 Update 5040 Cost 52.8472662013 Time 65015.543843 Samples 100
Epoch 1 Update 5045 Cost 53.4232827967 Time 65015.6837511 Samples 100
Epoch 1 Update 5050 Cost 49.4714013876 Time 65015.823498 Samples 100
Epoch 1 Update 5055 Cost 50.8421032368 Time 65015.9632411 Samples 100
Epoch 1 Update 5060 Cost 53.6859497376 Time 65016.1032751 Samples 100
Epoch 1 Update 5065 Cost 61.3613104945 Time 65016.2431982 Samples 100
Epoch 1 Update 5070 Cost 46.6391169579 Time 65016.3828471 Samples 100
Epoch 1 Update 5075 Cost 60.0215131484 Time 65016.522275 Samples 100
Epoch 1 Update 5080 Cost 51.3401550346 Time 65016.6616821 Samples 100
Epoch 1 Update 5085 Cost 54.8161253856 Time 65016.801162 Samples 100
Epoch 1 Update 5090 Cost 49.9679177563 Time 65016.9410632 Samples 100
Epoch 1 Update 5095 Cost 49.1693172037 Time 65017.0805521 Samples 100
Epoch 1 Update 5100 Cost 56.4336680199 Time 65017.2197142 Samples 100
Epoch 1 Update 5105 Cost 47.3318777814 Time 65017.358773 Samples 100
Epoch 1 Update 5110 Cost 56.4409948417 Time 65017.498749 Samples 100
Epoch 1 Update 5115 Cost 43.7318045031 Time 65017.6381981 Samples 100
Epoch 1 Update 5120 Cost 58.3532879232 Time 65017.777884 Samples 100
Epoch 1 Update 5125 Cost 63.3112245198 Time 65017.9171631 Samples 100
Epoch 1 Update 5130 Cost 47.594621652 Time 65018.056366 Samples 100
Epoch 1 Update 5135 Cost 53.1977539352 Time 65018.196125 Samples 100
Epoch 1 Update 5140 Cost 52.1632973426 Time 65018.335515 Samples 100
Epoch 1 Update 5145 Cost 43.9806800403 Time 65018.4748092 Samples 100
Epoch 1 Update 5150 Cost 57.860353472 Time 65018.6141171 Samples 100
Epoch 1 Update 5155 Cost 56.7985704087 Time 65018.7536581 Samples 100
Epoch 1 Update 5160 Cost 49.8623520979 Time 65018.8931901 Samples 100
Epoch 1 Update 5165 Cost 53.2701104854 Time 65019.0322862 Samples 100
Epoch 1 Update 5170 Cost 49.518834169 Time 65019.1715682 Samples 100
Epoch 1 Update 5175 Cost 56.5733549669 Time 65019.31112 Samples 100
Epoch 1 Update 5180 Cost 55.2705864021 Time 65019.4505391 Samples 100
Epoch 1 Update 5185 Cost 56.0095757109 Time 65019.5899041 Samples 100
Epoch 1 Update 5190 Cost 42.3928271363 Time 65019.728945 Samples 100
Epoch 1 Update 5195 Cost 53.3917817243 Time 65019.868484 Samples 100
Epoch 1 Update 5200 Cost 52.4775618081 Time 65020.007781 Samples 100
Epoch 1 Update 5205 Cost 54.5618494397 Time 65020.1468019 Samples 100
Epoch 1 Update 5210 Cost 49.8394096699 Time 65020.2864079 Samples 100
Epoch 1 Update 5215 Cost 52.8495528536 Time 65020.4253571 Samples 100
Epoch 1 Update 5220 Cost 56.2778779764 Time 65020.5642791 Samples 100
Epoch 1 Update 5225 Cost 59.8011061543 Time 65020.7042921 Samples 100
Epoch 1 Update 5230 Cost 47.7000350814 Time 65020.8433251 Samples 100
Epoch 1 Update 5235 Cost 46.7600367861 Time 65020.987906 Samples 100
Epoch 1 Update 5240 Cost 45.5604506996 Time 65021.1289301 Samples 100
Epoch 1 Update 5245 Cost 52.5500552196 Time 65021.2680881 Samples 100
Epoch 1 Update 5250 Cost 49.6079561152 Time 65021.407177 Samples 100
Epoch 1 Update 5255 Cost 51.385460512 Time 65021.546535 Samples 100
Epoch 1 Update 5260 Cost 54.0792932946 Time 65021.685925 Samples 100
Epoch 1 Update 5265 Cost 46.2926352494 Time 65021.825268 Samples 100
Epoch 1 Update 5270 Cost 58.3353236856 Time 65021.9647081 Samples 100
Epoch 1 Update 5275 Cost 63.9226592561 Time 65022.1043169 Samples 100
Epoch 1 Update 5280 Cost 65.7662953072 Time 65022.2432311 Samples 100
Epoch 1 Update 5285 Cost 60.0102930705 Time 65022.382637 Samples 100
Epoch 1 Update 5290 Cost 56.9640605437 Time 65022.521843 Samples 100
Epoch 1 Update 5295 Cost 75.1709350677 Time 65022.6606522 Samples 100
Epoch 1 Update 5300 Cost 58.6011819649 Time 65022.800256 Samples 100
Epoch 1 Update 5305 Cost 54.7366108092 Time 65022.9395142 Samples 100
Epoch 1 Update 5310 Cost 52.2459078368 Time 65023.078696 Samples 100
Epoch 1 Update 5315 Cost 53.7134783401 Time 65023.2177281 Samples 100
Epoch 1 Update 5320 Cost 49.4287952186 Time 65023.356818 Samples 100
Epoch 1 Update 5325 Cost 64.692587318 Time 65023.495893 Samples 100
Epoch 1 Update 5330 Cost 43.7530239088 Time 65023.6347451 Samples 100
Epoch 1 Update 5335 Cost 48.449818942 Time 65023.773545 Samples 100
Epoch 1 Update 5340 Cost 43.1566308521 Time 65023.9126511 Samples 100
Epoch 1 Update 5345 Cost 61.1236464813 Time 65024.051698 Samples 100
Epoch 1 Update 5350 Cost 42.9771681531 Time 65024.1908281 Samples 100
Epoch 1 Update 5355 Cost 53.0811092591 Time 65024.3299551 Samples 100
Epoch 1 Update 5360 Cost 54.1611869732 Time 65024.469017 Samples 100
Epoch 1 Update 5365 Cost 61.2037969751 Time 65024.608273 Samples 100
Epoch 1 Update 5370 Cost 51.8731752089 Time 65024.747206 Samples 100
Epoch 1 Update 5375 Cost 57.0082545577 Time 65024.8865881 Samples 100
Epoch 1 Update 5380 Cost 54.2882159142 Time 65025.0255179 Samples 100
Epoch 1 Update 5385 Cost 54.2780285683 Time 65025.1644311 Samples 100
Epoch 1 Update 5390 Cost 53.9318454799 Time 65025.3035231 Samples 100
Epoch 1 Update 5395 Cost 56.8372131268 Time 65025.442883 Samples 100
Epoch 1 Update 5400 Cost 48.7091564674 Time 65025.5816801 Samples 100
Epoch 1 Update 5405 Cost 53.8369010175 Time 65025.7207119 Samples 100
Epoch 1 Update 5410 Cost 53.8949713444 Time 65025.860317 Samples 100
Epoch 1 Update 5415 Cost 57.4722289183 Time 65025.999285 Samples 100
Epoch 1 Update 5420 Cost 57.4196821902 Time 65026.1382639 Samples 100
Epoch 1 Update 5425 Cost 57.8035160288 Time 65026.2770619 Samples 100
Epoch 1 Update 5430 Cost 56.3557656887 Time 65026.4164 Samples 100
Epoch 1 Update 5435 Cost 57.550356461 Time 65026.555552 Samples 100
Epoch 1 Update 5440 Cost 56.4491405038 Time 65026.694699 Samples 100
Epoch 1 Update 5445 Cost 51.4590411005 Time 65026.8333421 Samples 100
Epoch 1 Update 5450 Cost 46.7939976925 Time 65026.972311 Samples 100
Epoch 1 Update 5455 Cost 46.0171451503 Time 65027.111491 Samples 100
Epoch 1 Update 5460 Cost 52.9074224703 Time 65027.2512941 Samples 100
Epoch 1 Update 5465 Cost 59.1650857637 Time 65027.390157 Samples 100
Epoch 1 Update 5470 Cost 44.7477589286 Time 65027.529026 Samples 100
Epoch 1 Update 5475 Cost 60.6595341309 Time 65027.6678391 Samples 100
Epoch 1 Update 5480 Cost 51.3184319225 Time 65027.8070331 Samples 100
Epoch 1 Update 5485 Cost 54.3351827153 Time 65027.94627 Samples 100
Epoch 1 Update 5490 Cost 53.082197894 Time 65028.085362 Samples 100
Epoch 1 Update 5495 Cost 64.7877863489 Time 65028.224206 Samples 100
Epoch 1 Update 5500 Cost 45.5017837381 Time 65028.363148 Samples 100
Epoch 1 Update 5505 Cost 59.5787495952 Time 65028.5020471 Samples 100
Epoch 1 Update 5510 Cost 57.7384687478 Time 65028.6408741 Samples 100
Epoch 1 Update 5515 Cost 56.5926539823 Time 65028.779659 Samples 100
Epoch 1 Update 5520 Cost 60.5272492152 Time 65028.9184401 Samples 100
Epoch 1 Update 5525 Cost 58.6074876453 Time 65029.057488 Samples 100
Epoch 1 Update 5530 Cost 56.9862837113 Time 65029.19662 Samples 100
Epoch 1 Update 5535 Cost 55.4063227159 Time 65029.3357491 Samples 100
Epoch 1 Update 5540 Cost 64.9806996183 Time 65029.474931 Samples 100
Epoch 1 Update 5545 Cost 57.1444256623 Time 65029.614537 Samples 100
Epoch 1 Update 5550 Cost 48.4478744478 Time 65029.7537031 Samples 100
Epoch 1 Update 5555 Cost 52.2519156352 Time 65029.8929191 Samples 100
Epoch 1 Update 5560 Cost 56.3497223433 Time 65030.031693 Samples 100
Epoch 1 Update 5565 Cost 53.9291141904 Time 65030.170927 Samples 100
Epoch 1 Update 5570 Cost 39.5069136179 Time 65030.3102081 Samples 100
Epoch 1 Update 5575 Cost 52.0675933525 Time 65030.449158 Samples 100
Epoch 1 Update 5580 Cost 56.3946007466 Time 65030.588264 Samples 100
Epoch 1 Update 5585 Cost 58.574661974 Time 65030.7285931 Samples 100
Epoch 1 Update 5590 Cost 46.8784662528 Time 65030.868428 Samples 100
Epoch 1 Update 5595 Cost 59.6872015668 Time 65031.0082049 Samples 100
Epoch 1 Update 5600 Cost 56.6976614031 Time 65031.147783 Samples 100
Epoch 1 Update 5605 Cost 58.0460533688 Time 65031.2877932 Samples 100
Epoch 1 Update 5610 Cost 58.0915806154 Time 65031.4273441 Samples 100
Epoch 1 Update 5615 Cost 64.5704914406 Time 65031.566602 Samples 100
Epoch 1 Update 5620 Cost 47.7932717415 Time 65031.7062411 Samples 100
Epoch 1 Update 5625 Cost 45.8654193565 Time 65031.8456631 Samples 100
Epoch 1 Update 5630 Cost 54.7037789769 Time 65031.9852571 Samples 100
Epoch 1 Update 5635 Cost 51.6878395635 Time 65032.1243651 Samples 100
Epoch 1 Update 5640 Cost 64.9305189911 Time 65032.2638571 Samples 100
Epoch 1 Update 5645 Cost 46.9405617335 Time 65032.403641 Samples 100
Epoch 1 Update 5650 Cost 54.6119588558 Time 65032.5426559 Samples 100
Epoch 1 Update 5655 Cost 50.9455812807 Time 65032.6817431 Samples 100
Epoch 1 Update 5660 Cost 55.9659440445 Time 65032.8211901 Samples 100
Epoch 1 Update 5665 Cost 53.058807947 Time 65032.9602962 Samples 100
Epoch 1 Update 5670 Cost 60.3945233112 Time 65033.0995641 Samples 100
Epoch 1 Update 5675 Cost 44.56724418 Time 65033.239079 Samples 100
Epoch 1 Update 5680 Cost 63.2336668433 Time 65033.3786399 Samples 100
Epoch 1 Update 5685 Cost 58.5979140119 Time 65033.517591 Samples 100
Epoch 1 Update 5690 Cost 51.2336098508 Time 65033.6567371 Samples 100
Epoch 1 Update 5695 Cost 53.4562290073 Time 65033.7960792 Samples 100
Epoch 1 Update 5700 Cost 54.4065572544 Time 65033.935369 Samples 100
Epoch 1 Update 5705 Cost 63.0964064352 Time 65034.0746441 Samples 100
Epoch 1 Update 5710 Cost 60.9607994458 Time 65034.2135391 Samples 100
Epoch 1 Update 5715 Cost 51.3183909258 Time 65034.352495 Samples 100
Epoch 1 Update 5720 Cost 57.7083357325 Time 65034.4920621 Samples 100
Epoch 1 Update 5725 Cost 57.7668463635 Time 65034.6315141 Samples 100
Epoch 1 Update 5730 Cost 61.1677916675 Time 65034.7711971 Samples 100
Epoch 1 Update 5735 Cost 55.7726931382 Time 65034.9102621 Samples 100
Epoch 1 Update 5740 Cost 51.6299852388 Time 65035.0494101 Samples 100
Epoch 1 Update 5745 Cost 52.7038015172 Time 65035.1887331 Samples 100
Epoch 1 Update 5750 Cost 44.1211161099 Time 65035.3277471 Samples 100
Epoch 1 Update 5755 Cost 54.2729638411 Time 65035.467011 Samples 100
Epoch 1 Update 5760 Cost 59.8034161931 Time 65035.6065171 Samples 100
Epoch 1 Update 5765 Cost 46.0732815213 Time 65035.7460191 Samp